2017-08-31 14:32:03,983 ERROR 22684 nodejs.EADDRINUSEError: bind EADDRINUSE null:7001 (uncaughtException throw 1 times on pid:22684)
    at Object._errnoException (util.js:1041:11)
    at _exceptionWithHostPort (util.js:1064:20)
    at listenOnMasterHandle (net.js:1402:16)
    at shared (internal/cluster/child.js:105:3)
    at Worker.send (internal/cluster/child.js:76:7)
    at process.onInternalMessage (internal/cluster/utils.js:42:8)
    at emitTwo (events.js:130:20)
    at process.emit (events.js:213:7)
    at emit (internal/child_process.js:774:12)
    at _combinedTickCallback (internal/process/next_tick.js:141:11)
code: 'EADDRINUSE'
errno: 'EADDRINUSE'
syscall: 'bind'
address: null
port: 7001
name: 'EADDRINUSEError'
pid: 22684
hostname: v_lljunli-PC0

2017-09-01 15:35:14,234 ERROR 21416 nodejs.ServerNoResponseError: server 127.0.0.1:60793 no response in 39991ms, maybe the socket is end on the other side. (address: 127.0.0.1:60793)
    at Timeout._heartbeatTimer.setInterval [as _onTimeout] (D:\web\egg-example\node_modules\tcp-base\lib\base.js:422:21)
    at ontimeout (timers.js:469:11)
    at tryOnTimeout (timers.js:304:5)
    at Timer.listOnTimeout (timers.js:264:5)
name: 'ServerNoResponseError'
pid: 21416
hostname: v_lljunli-PC0

2017-09-01 15:35:34,521 ERROR 25160 nodejs.ClusterClientNoResponseError: client no response in 80288ms exceeding maxIdleTime 60000ms, maybe the connection is close on other side.
    at Timeout.Leader._heartbeatTimer.setInterval [as _onTimeout] (D:\web\egg-example\node_modules\cluster-client\lib\leader.js:73:23)
    at ontimeout (timers.js:469:11)
    at tryOnTimeout (timers.js:304:5)
    at Timer.listOnTimeout (timers.js:264:5)
name: 'ClusterClientNoResponseError'
pid: 25160
hostname: v_lljunli-PC0

2017-09-01 15:36:14,569 ERROR 21416 nodejs.ServerNoResponseError: server 127.0.0.1:60793 no response in 20008ms, maybe the socket is end on the other side. (address: 127.0.0.1:60793)
    at Timeout._heartbeatTimer.setInterval [as _onTimeout] (D:\web\egg-example\node_modules\tcp-base\lib\base.js:422:21)
    at ontimeout (timers.js:469:11)
    at tryOnTimeout (timers.js:304:5)
    at Timer.listOnTimeout (timers.js:264:5)
name: 'ServerNoResponseError'
pid: 21416
hostname: v_lljunli-PC0

2017-09-01 15:46:45,915 ERROR 25160 nodejs.ClusterClientNoResponseError: client no response in 651347ms exceeding maxIdleTime 60000ms, maybe the connection is close on other side.
    at Timeout.Leader._heartbeatTimer.setInterval [as _onTimeout] (D:\web\egg-example\node_modules\cluster-client\lib\leader.js:73:23)
    at ontimeout (timers.js:469:11)
    at tryOnTimeout (timers.js:304:5)
    at Timer.listOnTimeout (timers.js:264:5)
name: 'ClusterClientNoResponseError'
pid: 25160
hostname: v_lljunli-PC0

2017-09-04 17:50:37,299 ERROR 28728 nodejs.ServerNoResponseError: server 127.0.0.1:64579 no response in 20005ms, maybe the socket is end on the other side. (address: 127.0.0.1:64579)
    at Timeout._heartbeatTimer.setInterval [as _onTimeout] (D:\web\egg-analysis\node_modules\tcp-base\lib\base.js:422:21)
    at ontimeout (timers.js:469:11)
    at tryOnTimeout (timers.js:304:5)
    at Timer.listOnTimeout (timers.js:264:5)
name: 'ServerNoResponseError'
pid: 28728
hostname: v_lljunli-PC0

2017-09-04 17:51:45,071 ERROR 27568 nodejs.ServerNoResponseError: server 127.0.0.1:64596 no response in 20005ms, maybe the socket is end on the other side. (address: 127.0.0.1:64596)
    at Timeout._heartbeatTimer.setInterval [as _onTimeout] (D:\web\egg-analysis\node_modules\tcp-base\lib\base.js:422:21)
    at ontimeout (timers.js:469:11)
    at tryOnTimeout (timers.js:304:5)
    at Timer.listOnTimeout (timers.js:264:5)
name: 'ServerNoResponseError'
pid: 27568
hostname: v_lljunli-PC0

2017-09-04 18:01:47,706 ERROR 22280 nodejs.ClusterClientNoResponseError: client no response in 622635ms exceeding maxIdleTime 60000ms, maybe the connection is close on other side.
    at Timeout.Leader._heartbeatTimer.setInterval [as _onTimeout] (D:\web\egg-analysis\node_modules\cluster-client\lib\leader.js:73:23)
    at ontimeout (timers.js:469:11)
    at tryOnTimeout (timers.js:304:5)
    at Timer.listOnTimeout (timers.js:264:5)
name: 'ClusterClientNoResponseError'
pid: 22280
hostname: v_lljunli-PC0

2017-09-05 14:41:51,356 ERROR 30456 nodejs.ServerNoResponseError: server 127.0.0.1:59082 no response in 20014ms, maybe the socket is end on the other side. (address: 127.0.0.1:59082)
    at Timeout._heartbeatTimer.setInterval [as _onTimeout] (D:\web\egg-analysis\node_modules\tcp-base\lib\base.js:422:21)
    at ontimeout (timers.js:469:11)
    at tryOnTimeout (timers.js:304:5)
    at Timer.listOnTimeout (timers.js:264:5)
name: 'ServerNoResponseError'
pid: 30456
hostname: v_lljunli-PC0

2017-09-05 14:50:07,558 ERROR 30892 nodejs.ClusterClientNoResponseError: client no response in 516202ms exceeding maxIdleTime 60000ms, maybe the connection is close on other side.
    at Timeout.Leader._heartbeatTimer.setInterval [as _onTimeout] (D:\web\egg-analysis\node_modules\cluster-client\lib\leader.js:73:23)
    at ontimeout (timers.js:469:11)
    at tryOnTimeout (timers.js:304:5)
    at Timer.listOnTimeout (timers.js:264:5)
name: 'ClusterClientNoResponseError'
pid: 30892
hostname: v_lljunli-PC0

2017-09-05 15:04:50,395 ERROR 31624 nodejs.ServerNoResponseError: server 127.0.0.1:58111 no response in 20012ms, maybe the socket is end on the other side. (address: 127.0.0.1:58111)
    at Timeout._heartbeatTimer.setInterval [as _onTimeout] (D:\web\egg-analysis\node_modules\tcp-base\lib\base.js:422:21)
    at ontimeout (timers.js:469:11)
    at tryOnTimeout (timers.js:304:5)
    at Timer.listOnTimeout (timers.js:264:5)
name: 'ServerNoResponseError'
pid: 31624
hostname: v_lljunli-PC0

2017-09-05 15:18:48,908 ERROR 30484 nodejs.ClusterClientNoResponseError: client no response in 858513ms exceeding maxIdleTime 60000ms, maybe the connection is close on other side.
    at Timeout.Leader._heartbeatTimer.setInterval [as _onTimeout] (D:\web\egg-analysis\node_modules\cluster-client\lib\leader.js:73:23)
    at ontimeout (timers.js:469:11)
    at tryOnTimeout (timers.js:304:5)
    at Timer.listOnTimeout (timers.js:264:5)
name: 'ClusterClientNoResponseError'
pid: 30484
hostname: v_lljunli-PC0

2017-09-05 15:19:51,500 ERROR 31656 nodejs.ServerNoResponseError: server 127.0.0.1:58425 no response in 20015ms, maybe the socket is end on the other side. (address: 127.0.0.1:58425)
    at Timeout._heartbeatTimer.setInterval [as _onTimeout] (D:\web\egg-analysis\node_modules\tcp-base\lib\base.js:422:21)
    at ontimeout (timers.js:469:11)
    at tryOnTimeout (timers.js:304:5)
    at Timer.listOnTimeout (timers.js:264:5)
name: 'ServerNoResponseError'
pid: 31656
hostname: v_lljunli-PC0

2017-09-05 15:31:16,041 ERROR 30964 nodejs.ClusterClientNoResponseError: client no response in 704541ms exceeding maxIdleTime 60000ms, maybe the connection is close on other side.
    at Timeout.Leader._heartbeatTimer.setInterval [as _onTimeout] (D:\web\egg-analysis\node_modules\cluster-client\lib\leader.js:73:23)
    at ontimeout (timers.js:469:11)
    at tryOnTimeout (timers.js:304:5)
    at Timer.listOnTimeout (timers.js:264:5)
name: 'ClusterClientNoResponseError'
pid: 30964
hostname: v_lljunli-PC0

2017-09-05 15:32:12,568 ERROR 29864 nodejs.ServerNoResponseError: server 127.0.0.1:54906 no response in 20017ms, maybe the socket is end on the other side. (address: 127.0.0.1:54906)
    at Timeout._heartbeatTimer.setInterval [as _onTimeout] (D:\web\egg-analysis\node_modules\tcp-base\lib\base.js:422:21)
    at ontimeout (timers.js:469:11)
    at tryOnTimeout (timers.js:304:5)
    at Timer.listOnTimeout (timers.js:264:5)
name: 'ServerNoResponseError'
pid: 29864
hostname: v_lljunli-PC0

2017-09-05 15:44:47,393 ERROR 31548 nodejs.ClusterClientNoResponseError: client no response in 774825ms exceeding maxIdleTime 60000ms, maybe the connection is close on other side.
    at Timeout.Leader._heartbeatTimer.setInterval [as _onTimeout] (D:\web\egg-analysis\node_modules\cluster-client\lib\leader.js:73:23)
    at ontimeout (timers.js:469:11)
    at tryOnTimeout (timers.js:304:5)
    at Timer.listOnTimeout (timers.js:264:5)
name: 'ClusterClientNoResponseError'
pid: 31548
hostname: v_lljunli-PC0

