2017-09-25 09:24:46,366 ERROR 17824 nodejs.ServerNoResponseError: server 127.0.0.1:60631 no response in 32078ms, maybe the socket is end on the other side. (address: 127.0.0.1:60631)
    at Timeout._heartbeatTimer.setInterval [as _onTimeout] (D:\web\unhappy\node_modules\tcp-base\lib\base.js:422:21)
    at ontimeout (timers.js:469:11)
    at tryOnTimeout (timers.js:304:5)
    at Timer.listOnTimeout (timers.js:264:5)
name: 'ServerNoResponseError'
pid: 17824
hostname: v_lljunli-PC0

2017-09-25 09:38:05,355 ERROR 17804 nodejs.ClusterClientNoResponseError: client no response in 838987ms exceeding maxIdleTime 60000ms, maybe the connection is close on other side.
    at Timeout.Leader._heartbeatTimer.setInterval [as _onTimeout] (D:\web\unhappy\node_modules\cluster-client\lib\leader.js:73:23)
    at ontimeout (timers.js:469:11)
    at tryOnTimeout (timers.js:304:5)
    at Timer.listOnTimeout (timers.js:264:5)
name: 'ClusterClientNoResponseError'
pid: 17804
hostname: v_lljunli-PC0

2017-09-25 09:38:57,828 ERROR 18892 nodejs.ServerNoResponseError: server 127.0.0.1:55812 no response in 20014ms, maybe the socket is end on the other side. (address: 127.0.0.1:55812)
    at Timeout._heartbeatTimer.setInterval [as _onTimeout] (D:\web\unhappy\node_modules\tcp-base\lib\base.js:422:21)
    at ontimeout (timers.js:469:11)
    at tryOnTimeout (timers.js:304:5)
    at Timer.listOnTimeout (timers.js:264:5)
name: 'ServerNoResponseError'
pid: 18892
hostname: v_lljunli-PC0

2017-09-25 09:39:49,879 ERROR 16068 nodejs.ClusterClientNoResponseError: client no response in 72048ms exceeding maxIdleTime 60000ms, maybe the connection is close on other side.
    at Timeout.Leader._heartbeatTimer.setInterval [as _onTimeout] (D:\web\unhappy\node_modules\cluster-client\lib\leader.js:73:23)
    at ontimeout (timers.js:469:11)
    at tryOnTimeout (timers.js:304:5)
    at Timer.listOnTimeout (timers.js:264:5)
name: 'ClusterClientNoResponseError'
pid: 16068
hostname: v_lljunli-PC0

2017-09-25 09:40:29,939 ERROR 18892 nodejs.ServerNoResponseError: server 127.0.0.1:55812 no response in 20011ms, maybe the socket is end on the other side. (address: 127.0.0.1:55812)
    at Timeout._heartbeatTimer.setInterval [as _onTimeout] (D:\web\unhappy\node_modules\tcp-base\lib\base.js:422:21)
    at ontimeout (timers.js:469:11)
    at tryOnTimeout (timers.js:304:5)
    at Timer.listOnTimeout (timers.js:264:5)
name: 'ServerNoResponseError'
pid: 18892
hostname: v_lljunli-PC0

2017-09-25 09:43:24,141 ERROR 16068 nodejs.ClusterClientNoResponseError: client no response in 194203ms exceeding maxIdleTime 60000ms, maybe the connection is close on other side.
    at Timeout.Leader._heartbeatTimer.setInterval [as _onTimeout] (D:\web\unhappy\node_modules\cluster-client\lib\leader.js:73:23)
    at ontimeout (timers.js:469:11)
    at tryOnTimeout (timers.js:304:5)
    at Timer.listOnTimeout (timers.js:264:5)
name: 'ClusterClientNoResponseError'
pid: 16068
hostname: v_lljunli-PC0

2017-09-25 09:59:43,801 ERROR 21012 nodejs.ServerNoResponseError: server 127.0.0.1:58313 no response in 39993ms, maybe the socket is end on the other side. (address: 127.0.0.1:58313)
    at Timeout._heartbeatTimer.setInterval [as _onTimeout] (D:\web\unhappy\node_modules\tcp-base\lib\base.js:422:21)
    at ontimeout (timers.js:469:11)
    at tryOnTimeout (timers.js:304:5)
    at Timer.listOnTimeout (timers.js:264:5)
name: 'ServerNoResponseError'
pid: 21012
hostname: v_lljunli-PC0

2017-09-25 10:13:48,300 ERROR 22160 nodejs.ServerNoResponseError: server 127.0.0.1:63479 no response in 32881ms, maybe the socket is end on the other side. (address: 127.0.0.1:63479)
    at Timeout._heartbeatTimer.setInterval [as _onTimeout] (D:\web\unhappy\node_modules\tcp-base\lib\base.js:422:21)
    at ontimeout (timers.js:469:11)
    at tryOnTimeout (timers.js:304:5)
    at Timer.listOnTimeout (timers.js:264:5)
name: 'ServerNoResponseError'
pid: 22160
hostname: v_lljunli-PC0

2017-09-25 10:13:48,311 ERROR 13072 nodejs.ClusterClientNoResponseError: client no response in 60011ms exceeding maxIdleTime 60000ms, maybe the connection is close on other side.
    at Timeout.Leader._heartbeatTimer.setInterval [as _onTimeout] (D:\web\unhappy\node_modules\cluster-client\lib\leader.js:73:23)
    at ontimeout (timers.js:469:11)
    at tryOnTimeout (timers.js:304:5)
    at Timer.listOnTimeout (timers.js:264:5)
name: 'ClusterClientNoResponseError'
pid: 13072
hostname: v_lljunli-PC0

2017-09-25 10:14:22,125 ERROR 22160 nodejs.TcpConnectionTimeoutError: [TCPBase] socket connect timeout (3000ms) (address: 127.0.0.1:63479) (127.0.0.1)
    at Socket.socket.setTimeout (D:\web\unhappy\node_modules\tcp-base\lib\base.js:399:19)
    at Object.onceWrapper (events.js:314:30)
    at emitNone (events.js:105:13)
    at Socket.emit (events.js:207:7)
    at Socket._onTimeout (net.js:398:8)
    at ontimeout (timers.js:469:11)
    at tryOnTimeout (timers.js:304:5)
    at Timer.listOnTimeout (timers.js:264:5)
name: 'TcpConnectionTimeoutError'
host: '127.0.0.1'
port: 63479
pid: 22160
hostname: v_lljunli-PC0

2017-09-25 10:16:07,867 ERROR 22160 nodejs.TcpConnectionTimeoutError: [TCPBase] socket connect timeout (3000ms) (address: 127.0.0.1:63479) (127.0.0.1) (127.0.0.1) (127.0.0.1)
    at Socket.socket.setTimeout (D:\web\unhappy\node_modules\tcp-base\lib\base.js:399:19)
    at Object.onceWrapper (events.js:314:30)
    at emitNone (events.js:105:13)
    at Socket.emit (events.js:207:7)
    at Socket._onTimeout (net.js:398:8)
    at ontimeout (timers.js:469:11)
    at tryOnTimeout (timers.js:304:5)
    at Timer.listOnTimeout (timers.js:264:5)
name: 'TcpConnectionTimeoutError'
host: '127.0.0.1'
port: 63479
pid: 22160
hostname: v_lljunli-PC0

2017-09-25 10:43:12,146 ERROR 9348 nodejs.ServerNoResponseError: server 127.0.0.1:50438 no response in 20021ms, maybe the socket is end on the other side. (address: 127.0.0.1:50438)
    at Timeout._heartbeatTimer.setInterval [as _onTimeout] (D:\web\unhappy\node_modules\tcp-base\lib\base.js:422:21)
    at ontimeout (timers.js:469:11)
    at tryOnTimeout (timers.js:304:5)
    at Timer.listOnTimeout (timers.js:264:5)
name: 'ServerNoResponseError'
pid: 9348
hostname: v_lljunli-PC0

2017-09-25 10:44:11,782 ERROR 9348 nodejs.TcpConnectionTimeoutError: [TCPBase] socket connect timeout (3000ms) (address: 127.0.0.1:50438) (127.0.0.1)
    at Socket.socket.setTimeout (D:\web\unhappy\node_modules\tcp-base\lib\base.js:399:19)
    at Object.onceWrapper (events.js:314:30)
    at emitNone (events.js:105:13)
    at Socket.emit (events.js:207:7)
    at Socket._onTimeout (net.js:398:8)
    at ontimeout (timers.js:469:11)
    at tryOnTimeout (timers.js:304:5)
    at Timer.listOnTimeout (timers.js:264:5)
name: 'TcpConnectionTimeoutError'
host: '127.0.0.1'
port: 50438
pid: 9348
hostname: v_lljunli-PC0

2017-09-25 10:44:39,243 ERROR 9348 nodejs.TcpConnectionTimeoutError: [TCPBase] socket connect timeout (3000ms) (address: 127.0.0.1:50438) (127.0.0.1) (127.0.0.1) (127.0.0.1)
    at Socket.socket.setTimeout (D:\web\unhappy\node_modules\tcp-base\lib\base.js:399:19)
    at Object.onceWrapper (events.js:314:30)
    at emitNone (events.js:105:13)
    at Socket.emit (events.js:207:7)
    at Socket._onTimeout (net.js:398:8)
    at ontimeout (timers.js:469:11)
    at tryOnTimeout (timers.js:304:5)
    at Timer.listOnTimeout (timers.js:264:5)
name: 'TcpConnectionTimeoutError'
host: '127.0.0.1'
port: 50438
pid: 9348
hostname: v_lljunli-PC0

2017-09-25 10:47:36,172 ERROR 9348 nodejs.TcpConnectionTimeoutError: [TCPBase] socket connect timeout (3000ms) (address: 127.0.0.1:50438) (127.0.0.1)
    at Socket.socket.setTimeout (D:\web\unhappy\node_modules\tcp-base\lib\base.js:399:19)
    at Object.onceWrapper (events.js:314:30)
    at emitNone (events.js:105:13)
    at Socket.emit (events.js:207:7)
    at Socket._onTimeout (net.js:398:8)
    at ontimeout (timers.js:469:11)
    at tryOnTimeout (timers.js:304:5)
    at Timer.listOnTimeout (timers.js:264:5)
name: 'TcpConnectionTimeoutError'
host: '127.0.0.1'
port: 50438
pid: 9348
hostname: v_lljunli-PC0

2017-09-25 10:47:36,201 ERROR 9348 nodejs.TcpConnectionTimeoutError: [TCPBase] socket connect timeout (3000ms) (address: 127.0.0.1:50438) (127.0.0.1) (127.0.0.1) (127.0.0.1)
    at Socket.socket.setTimeout (D:\web\unhappy\node_modules\tcp-base\lib\base.js:399:19)
    at Object.onceWrapper (events.js:314:30)
    at emitNone (events.js:105:13)
    at Socket.emit (events.js:207:7)
    at Socket._onTimeout (net.js:398:8)
    at ontimeout (timers.js:469:11)
    at tryOnTimeout (timers.js:304:5)
    at Timer.listOnTimeout (timers.js:264:5)
name: 'TcpConnectionTimeoutError'
host: '127.0.0.1'
port: 50438
pid: 9348
hostname: v_lljunli-PC0

2017-09-25 10:58:15,941 ERROR 8268 nodejs.ServerNoResponseError: server 127.0.0.1:57200 no response in 37529ms, maybe the socket is end on the other side. (address: 127.0.0.1:57200)
    at Timeout._heartbeatTimer.setInterval [as _onTimeout] (D:\web\unhappy\node_modules\tcp-base\lib\base.js:422:21)
    at ontimeout (timers.js:469:11)
    at tryOnTimeout (timers.js:304:5)
    at Timer.listOnTimeout (timers.js:264:5)
name: 'ServerNoResponseError'
pid: 8268
hostname: v_lljunli-PC0

2017-09-25 11:01:54,440 ERROR 9900 nodejs.ClusterClientNoResponseError: client no response in 278504ms exceeding maxIdleTime 60000ms, maybe the connection is close on other side.
    at Timeout.Leader._heartbeatTimer.setInterval [as _onTimeout] (D:\web\unhappy\node_modules\cluster-client\lib\leader.js:73:23)
    at ontimeout (timers.js:469:11)
    at tryOnTimeout (timers.js:304:5)
    at Timer.listOnTimeout (timers.js:264:5)
name: 'ClusterClientNoResponseError'
pid: 9900
hostname: v_lljunli-PC0

2017-09-25 14:26:42,693 ERROR 5476 nodejs.ServerNoResponseError: server 127.0.0.1:61147 no response in 20014ms, maybe the socket is end on the other side. (address: 127.0.0.1:61147)
    at Timeout._heartbeatTimer.setInterval [as _onTimeout] (D:\web\unhappy\node_modules\tcp-base\lib\base.js:422:21)
    at ontimeout (timers.js:469:11)
    at tryOnTimeout (timers.js:304:5)
    at Timer.listOnTimeout (timers.js:264:5)
name: 'ServerNoResponseError'
pid: 5476
hostname: v_lljunli-PC0

2017-09-25 16:02:06,589 ERROR 5476 nodejs.Error: [ClusterClient] leader does not be active in 30000ms on port:61147
    at Function.waitFor (D:\web\unhappy\node_modules\cluster-client\lib\server.js:244:15)
    at waitFor.next (<anonymous>)
    at onFulfilled (D:\web\unhappy\node_modules\co\index.js:65:19)
    at <anonymous>
    at process._tickCallback (internal/process/next_tick.js:188:7)

pid: 5476
hostname: v_lljunli-PC0

2017-09-25 16:07:01,459 ERROR 11916 nodejs.ServerNoResponseError: server 127.0.0.1:59405 no response in 20012ms, maybe the socket is end on the other side. (address: 127.0.0.1:59405)
    at Timeout._heartbeatTimer.setInterval [as _onTimeout] (D:\web\unhappy\node_modules\tcp-base\lib\base.js:422:21)
    at ontimeout (timers.js:469:11)
    at tryOnTimeout (timers.js:304:5)
    at Timer.listOnTimeout (timers.js:264:5)
name: 'ServerNoResponseError'
pid: 11916
hostname: v_lljunli-PC0

2017-09-25 16:12:28,965 ERROR 5348 nodejs.ServerNoResponseError: server 127.0.0.1:54035 no response in 39988ms, maybe the socket is end on the other side. (address: 127.0.0.1:54035)
    at Timeout._heartbeatTimer.setInterval [as _onTimeout] (D:\web\unhappy\node_modules\tcp-base\lib\base.js:422:21)
    at ontimeout (timers.js:469:11)
    at tryOnTimeout (timers.js:304:5)
    at Timer.listOnTimeout (timers.js:264:5)
name: 'ServerNoResponseError'
pid: 5348
hostname: v_lljunli-PC0

2017-09-25 16:39:52,292 ERROR 2692 nodejs.ClusterClientNoResponseError: client no response in 1683328ms exceeding maxIdleTime 60000ms, maybe the connection is close on other side.
    at Timeout.Leader._heartbeatTimer.setInterval [as _onTimeout] (D:\web\unhappy\node_modules\cluster-client\lib\leader.js:73:23)
    at ontimeout (timers.js:469:11)
    at tryOnTimeout (timers.js:304:5)
    at Timer.listOnTimeout (timers.js:264:5)
name: 'ClusterClientNoResponseError'
pid: 2692
hostname: v_lljunli-PC0

2017-09-25 16:42:33,374 ERROR 12272 nodejs.ServerNoResponseError: server 127.0.0.1:56053 no response in 32457ms, maybe the socket is end on the other side. (address: 127.0.0.1:56053)
    at Timeout._heartbeatTimer.setInterval [as _onTimeout] (D:\web\unhappy\node_modules\tcp-base\lib\base.js:422:21)
    at ontimeout (timers.js:469:11)
    at tryOnTimeout (timers.js:304:5)
    at Timer.listOnTimeout (timers.js:264:5)
name: 'ServerNoResponseError'
pid: 12272
hostname: v_lljunli-PC0

2017-09-25 16:46:01,874 ERROR 11232 nodejs.ClusterClientNoResponseError: client no response in 248505ms exceeding maxIdleTime 60000ms, maybe the connection is close on other side.
    at Timeout.Leader._heartbeatTimer.setInterval [as _onTimeout] (D:\web\unhappy\node_modules\cluster-client\lib\leader.js:73:23)
    at ontimeout (timers.js:469:11)
    at tryOnTimeout (timers.js:304:5)
    at Timer.listOnTimeout (timers.js:264:5)
name: 'ClusterClientNoResponseError'
pid: 11232
hostname: v_lljunli-PC0

2017-09-25 16:46:53,598 ERROR 10456 nodejs.ServerNoResponseError: server 127.0.0.1:56138 no response in 20013ms, maybe the socket is end on the other side. (address: 127.0.0.1:56138)
    at Timeout._heartbeatTimer.setInterval [as _onTimeout] (D:\web\unhappy\node_modules\tcp-base\lib\base.js:422:21)
    at ontimeout (timers.js:469:11)
    at tryOnTimeout (timers.js:304:5)
    at Timer.listOnTimeout (timers.js:264:5)
name: 'ServerNoResponseError'
pid: 10456
hostname: v_lljunli-PC0

2017-09-25 16:47:54,544 ERROR 7960 nodejs.ClusterClientNoResponseError: client no response in 80947ms exceeding maxIdleTime 60000ms, maybe the connection is close on other side.
    at Timeout.Leader._heartbeatTimer.setInterval [as _onTimeout] (D:\web\unhappy\node_modules\cluster-client\lib\leader.js:73:23)
    at ontimeout (timers.js:469:11)
    at tryOnTimeout (timers.js:304:5)
    at Timer.listOnTimeout (timers.js:264:5)
name: 'ClusterClientNoResponseError'
pid: 7960
hostname: v_lljunli-PC0

2017-09-25 16:48:50,053 ERROR 11884 nodejs.ServerNoResponseError: server 127.0.0.1:56205 no response in 20018ms, maybe the socket is end on the other side. (address: 127.0.0.1:56205)
    at Timeout._heartbeatTimer.setInterval [as _onTimeout] (D:\web\unhappy\node_modules\tcp-base\lib\base.js:422:21)
    at ontimeout (timers.js:469:11)
    at tryOnTimeout (timers.js:304:5)
    at Timer.listOnTimeout (timers.js:264:5)
name: 'ServerNoResponseError'
pid: 11884
hostname: v_lljunli-PC0

2017-09-25 17:29:07,235 ERROR 9756 nodejs.ClusterClientNoResponseError: client no response in 2437178ms exceeding maxIdleTime 60000ms, maybe the connection is close on other side.
    at Timeout.Leader._heartbeatTimer.setInterval [as _onTimeout] (D:\web\unhappy\node_modules\cluster-client\lib\leader.js:73:23)
    at ontimeout (timers.js:469:11)
    at tryOnTimeout (timers.js:304:5)
    at Timer.listOnTimeout (timers.js:264:5)
name: 'ClusterClientNoResponseError'
pid: 9756
hostname: v_lljunli-PC0

2017-09-25 17:29:47,389 ERROR 11884 nodejs.ServerNoResponseError: server 127.0.0.1:56205 no response in 20030ms, maybe the socket is end on the other side. (address: 127.0.0.1:56205)
    at Timeout._heartbeatTimer.setInterval [as _onTimeout] (D:\web\unhappy\node_modules\tcp-base\lib\base.js:422:21)
    at ontimeout (timers.js:469:11)
    at tryOnTimeout (timers.js:304:5)
    at Timer.listOnTimeout (timers.js:264:5)
name: 'ServerNoResponseError'
pid: 11884
hostname: v_lljunli-PC0

2017-09-25 17:30:57,069 ERROR 9756 nodejs.ClusterClientNoResponseError: client no response in 89680ms exceeding maxIdleTime 60000ms, maybe the connection is close on other side.
    at Timeout.Leader._heartbeatTimer.setInterval [as _onTimeout] (D:\web\unhappy\node_modules\cluster-client\lib\leader.js:73:23)
    at ontimeout (timers.js:469:11)
    at tryOnTimeout (timers.js:304:5)
    at Timer.listOnTimeout (timers.js:264:5)
name: 'ClusterClientNoResponseError'
pid: 9756
hostname: v_lljunli-PC0

2017-09-25 17:31:37,139 ERROR 11884 nodejs.ServerNoResponseError: server 127.0.0.1:56205 no response in 20012ms, maybe the socket is end on the other side. (address: 127.0.0.1:56205)
    at Timeout._heartbeatTimer.setInterval [as _onTimeout] (D:\web\unhappy\node_modules\tcp-base\lib\base.js:422:21)
    at ontimeout (timers.js:469:11)
    at tryOnTimeout (timers.js:304:5)
    at Timer.listOnTimeout (timers.js:264:5)
name: 'ServerNoResponseError'
pid: 11884
hostname: v_lljunli-PC0

2017-09-25 17:33:57,530 ERROR 12880 nodejs.ServerNoResponseError: server 127.0.0.1:59960 no response in 20015ms, maybe the socket is end on the other side. (address: 127.0.0.1:59960)
    at Timeout._heartbeatTimer.setInterval [as _onTimeout] (D:\web\unhappy\node_modules\tcp-base\lib\base.js:422:21)
    at ontimeout (timers.js:469:11)
    at tryOnTimeout (timers.js:304:5)
    at Timer.listOnTimeout (timers.js:264:5)
name: 'ServerNoResponseError'
pid: 12880
hostname: v_lljunli-PC0

2017-09-25 17:42:16,706 ERROR 12992 nodejs.ServerNoResponseError: server 127.0.0.1:62760 no response in 20012ms, maybe the socket is end on the other side. (address: 127.0.0.1:62760)
    at Timeout._heartbeatTimer.setInterval [as _onTimeout] (D:\web\unhappy\node_modules\tcp-base\lib\base.js:422:21)
    at ontimeout (timers.js:469:11)
    at tryOnTimeout (timers.js:304:5)
    at Timer.listOnTimeout (timers.js:264:5)
name: 'ServerNoResponseError'
pid: 12992
hostname: v_lljunli-PC0

2017-09-25 17:43:06,187 ERROR 12312 nodejs.ClusterClientNoResponseError: client no response in 69481ms exceeding maxIdleTime 60000ms, maybe the connection is close on other side.
    at Timeout.Leader._heartbeatTimer.setInterval [as _onTimeout] (D:\web\unhappy\node_modules\cluster-client\lib\leader.js:73:23)
    at ontimeout (timers.js:469:11)
    at tryOnTimeout (timers.js:304:5)
    at Timer.listOnTimeout (timers.js:264:5)
name: 'ClusterClientNoResponseError'
pid: 12312
hostname: v_lljunli-PC0

2017-09-25 17:44:26,271 ERROR 12992 nodejs.ServerNoResponseError: server 127.0.0.1:62760 no response in 28454ms, maybe the socket is end on the other side. (address: 127.0.0.1:62760)
    at Timeout._heartbeatTimer.setInterval [as _onTimeout] (D:\web\unhappy\node_modules\tcp-base\lib\base.js:422:21)
    at ontimeout (timers.js:469:11)
    at tryOnTimeout (timers.js:304:5)
    at Timer.listOnTimeout (timers.js:264:5)
name: 'ServerNoResponseError'
pid: 12992
hostname: v_lljunli-PC0

2017-09-25 17:51:32,469 ERROR 12312 nodejs.ClusterClientNoResponseError: client no response in 466201ms exceeding maxIdleTime 60000ms, maybe the connection is close on other side.
    at Timeout.Leader._heartbeatTimer.setInterval [as _onTimeout] (D:\web\unhappy\node_modules\cluster-client\lib\leader.js:73:23)
    at ontimeout (timers.js:469:11)
    at tryOnTimeout (timers.js:304:5)
    at Timer.listOnTimeout (timers.js:264:5)
name: 'ClusterClientNoResponseError'
pid: 12312
hostname: v_lljunli-PC0

2017-09-25 17:52:23,506 ERROR 11064 nodejs.ServerNoResponseError: server 127.0.0.1:63012 no response in 20015ms, maybe the socket is end on the other side. (address: 127.0.0.1:63012)
    at Timeout._heartbeatTimer.setInterval [as _onTimeout] (D:\web\unhappy\node_modules\tcp-base\lib\base.js:422:21)
    at ontimeout (timers.js:469:11)
    at tryOnTimeout (timers.js:304:5)
    at Timer.listOnTimeout (timers.js:264:5)
name: 'ServerNoResponseError'
pid: 11064
hostname: v_lljunli-PC0

2017-09-25 17:55:53,354 ERROR 12124 nodejs.ClusterClientNoResponseError: client no response in 229847ms exceeding maxIdleTime 60000ms, maybe the connection is close on other side.
    at Timeout.Leader._heartbeatTimer.setInterval [as _onTimeout] (D:\web\unhappy\node_modules\cluster-client\lib\leader.js:73:23)
    at ontimeout (timers.js:469:11)
    at tryOnTimeout (timers.js:304:5)
    at Timer.listOnTimeout (timers.js:264:5)
name: 'ClusterClientNoResponseError'
pid: 12124
hostname: v_lljunli-PC0

2017-09-25 17:57:51,294 ERROR 4176 nodejs.ServerNoResponseError: server 127.0.0.1:64831 no response in 20021ms, maybe the socket is end on the other side. (address: 127.0.0.1:64831)
    at Timeout._heartbeatTimer.setInterval [as _onTimeout] (D:\web\unhappy\node_modules\tcp-base\lib\base.js:422:21)
    at ontimeout (timers.js:469:11)
    at tryOnTimeout (timers.js:304:5)
    at Timer.listOnTimeout (timers.js:264:5)
name: 'ServerNoResponseError'
pid: 4176
hostname: v_lljunli-PC0

2017-09-25 18:03:34,562 ERROR 11892 nodejs.ServerNoResponseError: server 127.0.0.1:64974 no response in 20020ms, maybe the socket is end on the other side. (address: 127.0.0.1:64974)
    at Timeout._heartbeatTimer.setInterval [as _onTimeout] (D:\web\unhappy\node_modules\tcp-base\lib\base.js:422:21)
    at ontimeout (timers.js:469:11)
    at tryOnTimeout (timers.js:304:5)
    at Timer.listOnTimeout (timers.js:264:5)
name: 'ServerNoResponseError'
pid: 11892
hostname: v_lljunli-PC0

2017-09-25 18:04:31,922 ERROR 2656 nodejs.ServerNoResponseError: server 127.0.0.1:64990 no response in 20022ms, maybe the socket is end on the other side. (address: 127.0.0.1:64990)
    at Timeout._heartbeatTimer.setInterval [as _onTimeout] (D:\web\unhappy\node_modules\tcp-base\lib\base.js:422:21)
    at ontimeout (timers.js:469:11)
    at tryOnTimeout (timers.js:304:5)
    at Timer.listOnTimeout (timers.js:264:5)
name: 'ServerNoResponseError'
pid: 2656
hostname: v_lljunli-PC0

2017-09-25 18:06:47,034 ERROR 12612 nodejs.ServerNoResponseError: server 127.0.0.1:65039 no response in 33163ms, maybe the socket is end on the other side. (address: 127.0.0.1:65039)
    at Timeout._heartbeatTimer.setInterval [as _onTimeout] (D:\web\unhappy\node_modules\tcp-base\lib\base.js:422:21)
    at ontimeout (timers.js:469:11)
    at tryOnTimeout (timers.js:304:5)
    at Timer.listOnTimeout (timers.js:264:5)
name: 'ServerNoResponseError'
pid: 12612
hostname: v_lljunli-PC0

