2017-09-25 00:00:01,102 INFO 19800 [egg-logrotator] app logger reload: got log-reload message
2017-09-25 09:23:25,233 INFO 17824 [egg:logger] init all loggers with options: {"dir":"D:\\web\\unhappy\\logs\\unhappy","encoding":"utf8","env":"local","level":"INFO","consoleLevel":"INFO","disableConsoleAfterReady":false,"outputJSON":false,"buffer":true,"appLogName":"unhappy-web.log","coreLogName":"egg-web.log","agentLogName":"egg-agent.log","errorLogName":"common-error.log","coreLogger":{"consoleLevel":"WARN"},"type":"application"}
2017-09-25 09:23:25,537 INFO 17824 [egg-schedule]: register schedule egg-schedule:D:\web\unhappy\node_modules\unhappy-logrotator\app\schedule\clean_log.js
2017-09-25 09:23:25,537 INFO 17824 [egg-schedule]: register schedule egg-schedule:D:\web\unhappy\node_modules\unhappy-logrotator\app\schedule\rotate_by_file.js
2017-09-25 09:23:26,005 INFO 17824 [egg-static] starting static serve /public/ -> D:\web\unhappy\app\public
2017-09-25 09:23:26,169 INFO 17824 [egg-security] use csrf middleware
2017-09-25 09:23:26,170 INFO 17824 [egg-security] use methodnoallow middleware
2017-09-25 09:23:26,171 INFO 17824 [egg-security] use noopen middleware
2017-09-25 09:23:26,171 INFO 17824 [egg-security] use nosniff middleware
2017-09-25 09:23:26,171 INFO 17824 [egg-security] use xssProtection middleware
2017-09-25 09:23:26,172 INFO 17824 [egg-security] use xframe middleware
2017-09-25 09:23:26,172 INFO 17824 [egg-security] use dta middleware
2017-09-25 09:23:26,172 INFO 17824 [egg-security] compose 7 middlewares into one security middleware
2017-09-25 09:23:26,367 INFO 17824 [egg-watcher:app] watcher start success
2017-09-25 09:38:05,371 WARN 17824 [ClusterClient:Watcher] follower closed, and try to init it again
2017-09-25 09:38:16,675 INFO 18892 [egg:logger] init all loggers with options: {"dir":"D:\\web\\unhappy\\logs\\unhappy","encoding":"utf8","env":"local","level":"INFO","consoleLevel":"INFO","disableConsoleAfterReady":false,"outputJSON":false,"buffer":true,"appLogName":"unhappy-web.log","coreLogName":"egg-web.log","agentLogName":"egg-agent.log","errorLogName":"common-error.log","coreLogger":{"consoleLevel":"WARN"},"type":"application"}
2017-09-25 09:38:16,983 INFO 18892 [egg-schedule]: register schedule egg-schedule:D:\web\unhappy\node_modules\unhappy-logrotator\app\schedule\clean_log.js
2017-09-25 09:38:16,983 INFO 18892 [egg-schedule]: register schedule egg-schedule:D:\web\unhappy\node_modules\unhappy-logrotator\app\schedule\rotate_by_file.js
2017-09-25 09:38:17,465 INFO 18892 [egg-static] starting static serve /public/ -> D:\web\unhappy\app\public
2017-09-25 09:38:17,636 INFO 18892 [egg-security] use csrf middleware
2017-09-25 09:38:17,637 INFO 18892 [egg-security] use methodnoallow middleware
2017-09-25 09:38:17,637 INFO 18892 [egg-security] use noopen middleware
2017-09-25 09:38:17,638 INFO 18892 [egg-security] use nosniff middleware
2017-09-25 09:38:17,638 INFO 18892 [egg-security] use xssProtection middleware
2017-09-25 09:38:17,639 INFO 18892 [egg-security] use xframe middleware
2017-09-25 09:38:17,639 INFO 18892 [egg-security] use dta middleware
2017-09-25 09:38:17,639 INFO 18892 [egg-security] compose 7 middlewares into one security middleware
2017-09-25 09:38:17,827 INFO 18892 [egg-watcher:app] watcher start success
2017-09-25 09:39:49,884 WARN 18892 [ClusterClient:Watcher] follower closed, and try to init it again
2017-09-25 09:45:41,080 WARN 18892 [ClusterClient:Watcher] follower closed, and try to init it again
2017-09-25 09:56:03,893 INFO 11400 [egg:logger] init all loggers with options: {"dir":"D:\\web\\unhappy\\logs\\unhappy","encoding":"utf8","env":"local","level":"INFO","consoleLevel":"INFO","disableConsoleAfterReady":false,"outputJSON":false,"buffer":true,"appLogName":"unhappy-web.log","coreLogName":"egg-web.log","agentLogName":"egg-agent.log","errorLogName":"common-error.log","coreLogger":{"consoleLevel":"WARN"},"type":"application"}
2017-09-25 09:56:04,209 INFO 11400 [egg-schedule]: register schedule egg-schedule:D:\web\unhappy\node_modules\unhappy-logrotator\app\schedule\clean_log.js
2017-09-25 09:56:04,209 INFO 11400 [egg-schedule]: register schedule egg-schedule:D:\web\unhappy\node_modules\unhappy-logrotator\app\schedule\rotate_by_file.js
2017-09-25 09:56:04,683 INFO 11400 [egg-static] starting static serve /public/ -> D:\web\unhappy\app\public
2017-09-25 09:56:04,853 INFO 11400 [egg-security] use csrf middleware
2017-09-25 09:56:04,854 INFO 11400 [egg-security] use methodnoallow middleware
2017-09-25 09:56:04,854 INFO 11400 [egg-security] use noopen middleware
2017-09-25 09:56:04,855 INFO 11400 [egg-security] use nosniff middleware
2017-09-25 09:56:04,855 INFO 11400 [egg-security] use xssProtection middleware
2017-09-25 09:56:04,856 INFO 11400 [egg-security] use xframe middleware
2017-09-25 09:56:04,856 INFO 11400 [egg-security] use dta middleware
2017-09-25 09:56:04,856 INFO 11400 [egg-security] compose 7 middlewares into one security middleware
2017-09-25 09:56:05,037 INFO 11400 [egg-watcher:app] watcher start success
2017-09-25 09:56:23,157 INFO 19896 [egg:logger] init all loggers with options: {"dir":"D:\\web\\unhappy\\logs\\unhappy","encoding":"utf8","env":"local","level":"INFO","consoleLevel":"INFO","disableConsoleAfterReady":false,"outputJSON":false,"buffer":true,"appLogName":"unhappy-web.log","coreLogName":"egg-web.log","agentLogName":"egg-agent.log","errorLogName":"common-error.log","coreLogger":{"consoleLevel":"WARN"},"type":"application"}
2017-09-25 09:56:23,461 INFO 19896 [egg-schedule]: register schedule egg-schedule:D:\web\unhappy\node_modules\unhappy-logrotator\app\schedule\clean_log.js
2017-09-25 09:56:23,461 INFO 19896 [egg-schedule]: register schedule egg-schedule:D:\web\unhappy\node_modules\unhappy-logrotator\app\schedule\rotate_by_file.js
2017-09-25 09:56:23,941 INFO 19896 [egg-static] starting static serve /public/ -> D:\web\unhappy\app\public
2017-09-25 09:56:24,022 INFO 19896 [egg-security] use csrf middleware
2017-09-25 09:56:24,022 INFO 19896 [egg-security] use methodnoallow middleware
2017-09-25 09:56:24,023 INFO 19896 [egg-security] use noopen middleware
2017-09-25 09:56:24,023 INFO 19896 [egg-security] use nosniff middleware
2017-09-25 09:56:24,024 INFO 19896 [egg-security] use xssProtection middleware
2017-09-25 09:56:24,025 INFO 19896 [egg-security] use xframe middleware
2017-09-25 09:56:24,026 INFO 19896 [egg-security] use dta middleware
2017-09-25 09:56:24,026 INFO 19896 [egg-security] compose 7 middlewares into one security middleware
2017-09-25 09:56:24,116 INFO 19896 [egg-watcher:app] watcher start success
2017-09-25 09:58:22,665 INFO 21012 [egg:logger] init all loggers with options: {"dir":"D:\\web\\unhappy\\logs\\unhappy","encoding":"utf8","env":"local","level":"INFO","consoleLevel":"INFO","disableConsoleAfterReady":false,"outputJSON":false,"buffer":true,"appLogName":"unhappy-web.log","coreLogName":"egg-web.log","agentLogName":"egg-agent.log","errorLogName":"common-error.log","coreLogger":{"consoleLevel":"WARN"},"type":"application"}
2017-09-25 09:58:22,964 INFO 21012 [egg-schedule]: register schedule egg-schedule:D:\web\unhappy\node_modules\unhappy-logrotator\app\schedule\clean_log.js
2017-09-25 09:58:22,964 INFO 21012 [egg-schedule]: register schedule egg-schedule:D:\web\unhappy\node_modules\unhappy-logrotator\app\schedule\rotate_by_file.js
2017-09-25 09:58:23,439 INFO 21012 [egg-static] starting static serve /public/ -> D:\web\unhappy\app\public
2017-09-25 09:58:23,606 INFO 21012 [egg-security] use csrf middleware
2017-09-25 09:58:23,607 INFO 21012 [egg-security] use methodnoallow middleware
2017-09-25 09:58:23,607 INFO 21012 [egg-security] use noopen middleware
2017-09-25 09:58:23,608 INFO 21012 [egg-security] use nosniff middleware
2017-09-25 09:58:23,608 INFO 21012 [egg-security] use xssProtection middleware
2017-09-25 09:58:23,609 INFO 21012 [egg-security] use xframe middleware
2017-09-25 09:58:23,609 INFO 21012 [egg-security] use dta middleware
2017-09-25 09:58:23,609 INFO 21012 [egg-security] compose 7 middlewares into one security middleware
2017-09-25 09:58:23,799 INFO 21012 [egg-watcher:app] watcher start success
2017-09-25 09:59:59,576 WARN 21012 [ClusterClient:Watcher] follower closed, and try to init it again
2017-09-25 10:00:26,631 INFO 11020 [egg:logger] init all loggers with options: {"dir":"D:\\web\\unhappy\\logs\\unhappy","encoding":"utf8","env":"local","level":"INFO","consoleLevel":"INFO","disableConsoleAfterReady":false,"outputJSON":false,"buffer":true,"appLogName":"unhappy-web.log","coreLogName":"egg-web.log","agentLogName":"egg-agent.log","errorLogName":"common-error.log","coreLogger":{"consoleLevel":"WARN"},"type":"application"}
2017-09-25 10:00:26,939 INFO 11020 [egg-schedule]: register schedule egg-schedule:D:\web\unhappy\node_modules\unhappy-logrotator\app\schedule\clean_log.js
2017-09-25 10:00:26,939 INFO 11020 [egg-schedule]: register schedule egg-schedule:D:\web\unhappy\node_modules\unhappy-logrotator\app\schedule\rotate_by_file.js
2017-09-25 10:00:27,417 INFO 11020 [egg-static] starting static serve /public/ -> D:\web\unhappy\app\public
2017-09-25 10:00:27,495 INFO 11020 [egg-security] use csrf middleware
2017-09-25 10:00:27,496 INFO 11020 [egg-security] use methodnoallow middleware
2017-09-25 10:00:27,497 INFO 11020 [egg-security] use noopen middleware
2017-09-25 10:00:27,497 INFO 11020 [egg-security] use nosniff middleware
2017-09-25 10:00:27,498 INFO 11020 [egg-security] use xssProtection middleware
2017-09-25 10:00:27,498 INFO 11020 [egg-security] use xframe middleware
2017-09-25 10:00:27,499 INFO 11020 [egg-security] use dta middleware
2017-09-25 10:00:27,499 INFO 11020 [egg-security] compose 7 middlewares into one security middleware
2017-09-25 10:00:27,587 INFO 11020 [egg-watcher:app] watcher start success
2017-09-25 10:12:07,091 INFO 22160 [egg:logger] init all loggers with options: {"dir":"D:\\web\\unhappy\\logs\\unhappy","encoding":"utf8","env":"local","level":"INFO","consoleLevel":"INFO","disableConsoleAfterReady":false,"outputJSON":false,"buffer":true,"appLogName":"unhappy-web.log","coreLogName":"egg-web.log","agentLogName":"egg-agent.log","errorLogName":"common-error.log","coreLogger":{"consoleLevel":"WARN"},"type":"application"}
2017-09-25 10:12:07,404 INFO 22160 [egg-schedule]: register schedule egg-schedule:D:\web\unhappy\node_modules\unhappy-logrotator\app\schedule\clean_log.js
2017-09-25 10:12:07,404 INFO 22160 [egg-schedule]: register schedule egg-schedule:D:\web\unhappy\node_modules\unhappy-logrotator\app\schedule\rotate_by_file.js
2017-09-25 10:12:07,915 INFO 22160 [egg-static] starting static serve /public/ -> D:\web\unhappy\app\public
2017-09-25 10:12:08,098 INFO 22160 [egg-security] use csrf middleware
2017-09-25 10:12:08,099 INFO 22160 [egg-security] use methodnoallow middleware
2017-09-25 10:12:08,099 INFO 22160 [egg-security] use noopen middleware
2017-09-25 10:12:08,099 INFO 22160 [egg-security] use nosniff middleware
2017-09-25 10:12:08,100 INFO 22160 [egg-security] use xssProtection middleware
2017-09-25 10:12:08,100 INFO 22160 [egg-security] use xframe middleware
2017-09-25 10:12:08,101 INFO 22160 [egg-security] use dta middleware
2017-09-25 10:12:08,101 INFO 22160 [egg-security] compose 7 middlewares into one security middleware
2017-09-25 10:12:08,297 INFO 22160 [egg-watcher:app] watcher start success
2017-09-25 10:13:52,953 WARN 22160 [ClusterClient:Watcher] follower closed, and try to init it again
2017-09-25 10:16:07,917 WARN 22160 [ClusterClient:Watcher] follower closed, and try to init it again
2017-09-25 10:16:43,812 INFO 21316 [egg:logger] init all loggers with options: {"dir":"D:\\web\\unhappy\\logs\\unhappy","encoding":"utf8","env":"local","level":"INFO","consoleLevel":"INFO","disableConsoleAfterReady":false,"outputJSON":false,"buffer":true,"appLogName":"unhappy-web.log","coreLogName":"egg-web.log","agentLogName":"egg-agent.log","errorLogName":"common-error.log","coreLogger":{"consoleLevel":"WARN"},"type":"application"}
2017-09-25 10:16:44,119 INFO 21316 [egg-schedule]: register schedule egg-schedule:D:\web\unhappy\node_modules\unhappy-logrotator\app\schedule\clean_log.js
2017-09-25 10:16:44,119 INFO 21316 [egg-schedule]: register schedule egg-schedule:D:\web\unhappy\node_modules\unhappy-logrotator\app\schedule\rotate_by_file.js
2017-09-25 10:16:44,606 INFO 21316 [egg-static] starting static serve /public/ -> D:\web\unhappy\app\public
2017-09-25 10:16:44,781 INFO 21316 [egg-security] use csrf middleware
2017-09-25 10:16:44,782 INFO 21316 [egg-security] use methodnoallow middleware
2017-09-25 10:16:44,782 INFO 21316 [egg-security] use noopen middleware
2017-09-25 10:16:44,783 INFO 21316 [egg-security] use nosniff middleware
2017-09-25 10:16:44,783 INFO 21316 [egg-security] use xssProtection middleware
2017-09-25 10:16:44,784 INFO 21316 [egg-security] use xframe middleware
2017-09-25 10:16:44,784 INFO 21316 [egg-security] use dta middleware
2017-09-25 10:16:44,784 INFO 21316 [egg-security] compose 7 middlewares into one security middleware
2017-09-25 10:16:44,991 INFO 21316 [egg-watcher:app] watcher start success
2017-09-25 10:28:42,238 INFO 2784 [egg:logger] init all loggers with options: {"dir":"D:\\web\\unhappy\\logs\\unhappy","encoding":"utf8","env":"local","level":"INFO","consoleLevel":"INFO","disableConsoleAfterReady":false,"outputJSON":false,"buffer":true,"appLogName":"unhappy-web.log","coreLogName":"egg-web.log","agentLogName":"egg-agent.log","errorLogName":"common-error.log","coreLogger":{"consoleLevel":"WARN"},"type":"application"}
2017-09-25 10:28:42,617 INFO 2784 [egg-schedule]: register schedule egg-schedule:D:\web\unhappy\node_modules\unhappy-logrotator\app\schedule\clean_log.js
2017-09-25 10:28:42,617 INFO 2784 [egg-schedule]: register schedule egg-schedule:D:\web\unhappy\node_modules\unhappy-logrotator\app\schedule\rotate_by_file.js
2017-09-25 10:28:43,412 INFO 2784 [egg-static] starting static serve /public/ -> D:\web\unhappy\app\public
2017-09-25 10:28:43,610 INFO 2784 [egg-security] use csrf middleware
2017-09-25 10:28:43,611 INFO 2784 [egg-security] use methodnoallow middleware
2017-09-25 10:28:43,612 INFO 2784 [egg-security] use noopen middleware
2017-09-25 10:28:43,612 INFO 2784 [egg-security] use nosniff middleware
2017-09-25 10:28:43,613 INFO 2784 [egg-security] use xssProtection middleware
2017-09-25 10:28:43,613 INFO 2784 [egg-security] use xframe middleware
2017-09-25 10:28:43,614 INFO 2784 [egg-security] use dta middleware
2017-09-25 10:28:43,614 INFO 2784 [egg-security] compose 7 middlewares into one security middleware
2017-09-25 10:28:43,779 INFO 2784 [egg-watcher:app] watcher start success
2017-09-25 10:30:49,065 INFO 10860 [egg:logger] init all loggers with options: {"dir":"D:\\web\\unhappy\\logs\\unhappy","encoding":"utf8","env":"local","level":"INFO","consoleLevel":"INFO","disableConsoleAfterReady":false,"outputJSON":false,"buffer":true,"appLogName":"unhappy-web.log","coreLogName":"egg-web.log","agentLogName":"egg-agent.log","errorLogName":"common-error.log","coreLogger":{"consoleLevel":"WARN"},"type":"application"}
2017-09-25 10:30:49,378 INFO 10860 [egg-schedule]: register schedule egg-schedule:D:\web\unhappy\node_modules\unhappy-logrotator\app\schedule\clean_log.js
2017-09-25 10:30:49,378 INFO 10860 [egg-schedule]: register schedule egg-schedule:D:\web\unhappy\node_modules\unhappy-logrotator\app\schedule\rotate_by_file.js
2017-09-25 10:30:49,887 INFO 10860 [egg-static] starting static serve /public/ -> D:\web\unhappy\app\public
2017-09-25 10:30:50,041 INFO 10860 [egg-security] use csrf middleware
2017-09-25 10:30:50,042 INFO 10860 [egg-security] use methodnoallow middleware
2017-09-25 10:30:50,043 INFO 10860 [egg-security] use noopen middleware
2017-09-25 10:30:50,043 INFO 10860 [egg-security] use nosniff middleware
2017-09-25 10:30:50,043 INFO 10860 [egg-security] use xssProtection middleware
2017-09-25 10:30:50,044 INFO 10860 [egg-security] use xframe middleware
2017-09-25 10:30:50,044 INFO 10860 [egg-security] use dta middleware
2017-09-25 10:30:50,045 INFO 10860 [egg-security] compose 7 middlewares into one security middleware
2017-09-25 10:30:50,230 INFO 10860 [egg-watcher:app] watcher start success
2017-09-25 10:40:24,429 INFO 2088 [egg:logger] init all loggers with options: {"dir":"D:\\web\\unhappy\\logs\\unhappy","encoding":"utf8","env":"local","level":"INFO","consoleLevel":"INFO","disableConsoleAfterReady":false,"outputJSON":false,"buffer":true,"appLogName":"unhappy-web.log","coreLogName":"egg-web.log","agentLogName":"egg-agent.log","errorLogName":"common-error.log","coreLogger":{"consoleLevel":"WARN"},"type":"application"}
2017-09-25 10:40:24,714 INFO 2088 [egg-schedule]: register schedule egg-schedule:D:\web\unhappy\node_modules\unhappy-logrotator\app\schedule\clean_log.js
2017-09-25 10:40:24,714 INFO 2088 [egg-schedule]: register schedule egg-schedule:D:\web\unhappy\node_modules\unhappy-logrotator\app\schedule\rotate_by_file.js
2017-09-25 10:40:25,188 INFO 2088 [egg-static] starting static serve /public/ -> D:\web\unhappy\app\public
2017-09-25 10:40:25,327 INFO 2088 [egg-security] use csrf middleware
2017-09-25 10:40:25,328 INFO 2088 [egg-security] use methodnoallow middleware
2017-09-25 10:40:25,329 INFO 2088 [egg-security] use noopen middleware
2017-09-25 10:40:25,330 INFO 2088 [egg-security] use nosniff middleware
2017-09-25 10:40:25,330 INFO 2088 [egg-security] use xssProtection middleware
2017-09-25 10:40:25,331 INFO 2088 [egg-security] use xframe middleware
2017-09-25 10:40:25,332 INFO 2088 [egg-security] use dta middleware
2017-09-25 10:40:25,332 INFO 2088 [egg-security] compose 7 middlewares into one security middleware
2017-09-25 10:40:25,516 INFO 2088 [egg-watcher:app] watcher start success
2017-09-25 10:42:31,060 INFO 9348 [egg:logger] init all loggers with options: {"dir":"D:\\web\\unhappy\\logs\\unhappy","encoding":"utf8","env":"local","level":"INFO","consoleLevel":"INFO","disableConsoleAfterReady":false,"outputJSON":false,"buffer":true,"appLogName":"unhappy-web.log","coreLogName":"egg-web.log","agentLogName":"egg-agent.log","errorLogName":"common-error.log","coreLogger":{"consoleLevel":"WARN"},"type":"application"}
2017-09-25 10:42:31,343 INFO 9348 [egg-schedule]: register schedule egg-schedule:D:\web\unhappy\node_modules\unhappy-logrotator\app\schedule\clean_log.js
2017-09-25 10:42:31,343 INFO 9348 [egg-schedule]: register schedule egg-schedule:D:\web\unhappy\node_modules\unhappy-logrotator\app\schedule\rotate_by_file.js
2017-09-25 10:42:31,829 INFO 9348 [egg-static] starting static serve /public/ -> D:\web\unhappy\app\public
2017-09-25 10:42:31,974 INFO 9348 [egg-security] use csrf middleware
2017-09-25 10:42:31,975 INFO 9348 [egg-security] use methodnoallow middleware
2017-09-25 10:42:31,975 INFO 9348 [egg-security] use noopen middleware
2017-09-25 10:42:31,976 INFO 9348 [egg-security] use nosniff middleware
2017-09-25 10:42:31,976 INFO 9348 [egg-security] use xssProtection middleware
2017-09-25 10:42:31,977 INFO 9348 [egg-security] use xframe middleware
2017-09-25 10:42:31,978 INFO 9348 [egg-security] use dta middleware
2017-09-25 10:42:31,978 INFO 9348 [egg-security] compose 7 middlewares into one security middleware
2017-09-25 10:42:32,144 INFO 9348 [egg-watcher:app] watcher start success
2017-09-25 10:43:52,644 WARN 9348 [ClusterClient:Watcher] follower closed, and try to init it again
2017-09-25 10:45:11,170 WARN 9348 [ClusterClient:Watcher] follower closed, and try to init it again
2017-09-25 10:47:36,222 WARN 9348 [ClusterClient:Watcher] follower closed, and try to init it again
2017-09-25 10:56:34,799 INFO 8268 [egg:logger] init all loggers with options: {"dir":"D:\\web\\unhappy\\logs\\unhappy","encoding":"utf8","env":"local","level":"INFO","consoleLevel":"INFO","disableConsoleAfterReady":false,"outputJSON":false,"buffer":true,"appLogName":"unhappy-web.log","coreLogName":"egg-web.log","agentLogName":"egg-agent.log","errorLogName":"common-error.log","coreLogger":{"consoleLevel":"WARN"},"type":"application"}
2017-09-25 10:56:35,092 INFO 8268 [egg-schedule]: register schedule egg-schedule:D:\web\unhappy\node_modules\unhappy-logrotator\app\schedule\clean_log.js
2017-09-25 10:56:35,092 INFO 8268 [egg-schedule]: register schedule egg-schedule:D:\web\unhappy\node_modules\unhappy-logrotator\app\schedule\rotate_by_file.js
2017-09-25 10:56:35,593 INFO 8268 [egg-static] starting static serve /public/ -> D:\web\unhappy\app\public
2017-09-25 10:56:35,745 INFO 8268 [egg-security] use csrf middleware
2017-09-25 10:56:35,745 INFO 8268 [egg-security] use methodnoallow middleware
2017-09-25 10:56:35,746 INFO 8268 [egg-security] use noopen middleware
2017-09-25 10:56:35,746 INFO 8268 [egg-security] use nosniff middleware
2017-09-25 10:56:35,747 INFO 8268 [egg-security] use xssProtection middleware
2017-09-25 10:56:35,747 INFO 8268 [egg-security] use xframe middleware
2017-09-25 10:56:35,748 INFO 8268 [egg-security] use dta middleware
2017-09-25 10:56:35,748 INFO 8268 [egg-security] compose 7 middlewares into one security middleware
2017-09-25 10:56:35,933 INFO 8268 [egg-watcher:app] watcher start success
2017-09-25 11:01:54,452 WARN 8268 [ClusterClient:Watcher] follower closed, and try to init it again
2017-09-25 14:22:53,286 INFO 7840 [egg:logger] init all loggers with options: {"dir":"D:\\web\\unhappy\\logs\\unhappy","encoding":"utf8","env":"local","level":"INFO","consoleLevel":"INFO","disableConsoleAfterReady":false,"outputJSON":false,"buffer":true,"appLogName":"unhappy-web.log","coreLogName":"egg-web.log","agentLogName":"egg-agent.log","errorLogName":"common-error.log","coreLogger":{"consoleLevel":"WARN"},"type":"application"}
2017-09-25 14:22:53,579 INFO 7840 [egg-schedule]: register schedule egg-schedule:D:\web\unhappy\node_modules\unhappy-logrotator\app\schedule\clean_log.js
2017-09-25 14:22:53,579 INFO 7840 [egg-schedule]: register schedule egg-schedule:D:\web\unhappy\node_modules\unhappy-logrotator\app\schedule\rotate_by_file.js
2017-09-25 14:22:54,150 INFO 7840 [egg-static] starting static serve /public/ -> D:\web\unhappy\app\public
2017-09-25 14:22:54,364 INFO 7840 [egg-security] use csrf middleware
2017-09-25 14:22:54,367 INFO 7840 [egg-security] use methodnoallow middleware
2017-09-25 14:22:54,369 INFO 7840 [egg-security] use noopen middleware
2017-09-25 14:22:54,371 INFO 7840 [egg-security] use nosniff middleware
2017-09-25 14:22:54,372 INFO 7840 [egg-security] use xssProtection middleware
2017-09-25 14:22:54,374 INFO 7840 [egg-security] use xframe middleware
2017-09-25 14:22:54,376 INFO 7840 [egg-security] use dta middleware
2017-09-25 14:22:54,376 INFO 7840 [egg-security] compose 7 middlewares into one security middleware
2017-09-25 14:22:54,626 INFO 7840 [egg-watcher:app] watcher start success
2017-09-25 14:26:01,517 INFO 5476 [egg:logger] init all loggers with options: {"dir":"D:\\web\\unhappy\\logs\\unhappy","encoding":"utf8","env":"local","level":"INFO","consoleLevel":"INFO","disableConsoleAfterReady":false,"outputJSON":false,"buffer":true,"appLogName":"unhappy-web.log","coreLogName":"egg-web.log","agentLogName":"egg-agent.log","errorLogName":"common-error.log","coreLogger":{"consoleLevel":"WARN"},"type":"application"}
2017-09-25 14:26:01,847 INFO 5476 [egg-schedule]: register schedule egg-schedule:D:\web\unhappy\node_modules\unhappy-logrotator\app\schedule\clean_log.js
2017-09-25 14:26:01,847 INFO 5476 [egg-schedule]: register schedule egg-schedule:D:\web\unhappy\node_modules\unhappy-logrotator\app\schedule\rotate_by_file.js
2017-09-25 14:26:02,332 INFO 5476 [egg-static] starting static serve /public/ -> D:\web\unhappy\app\public
2017-09-25 14:26:02,485 INFO 5476 [egg-security] use csrf middleware
2017-09-25 14:26:02,486 INFO 5476 [egg-security] use methodnoallow middleware
2017-09-25 14:26:02,487 INFO 5476 [egg-security] use noopen middleware
2017-09-25 14:26:02,488 INFO 5476 [egg-security] use nosniff middleware
2017-09-25 14:26:02,489 INFO 5476 [egg-security] use xssProtection middleware
2017-09-25 14:26:02,490 INFO 5476 [egg-security] use xframe middleware
2017-09-25 14:26:02,491 INFO 5476 [egg-security] use dta middleware
2017-09-25 14:26:02,491 INFO 5476 [egg-security] compose 7 middlewares into one security middleware
2017-09-25 14:26:02,690 INFO 5476 [egg-watcher:app] watcher start success
2017-09-25 14:27:09,761 WARN 5476 [ClusterClient:Watcher] follower closed, and try to init it again
2017-09-25 16:06:20,356 INFO 11916 [egg:logger] init all loggers with options: {"dir":"D:\\web\\unhappy\\logs\\unhappy","encoding":"utf8","env":"local","level":"INFO","consoleLevel":"INFO","disableConsoleAfterReady":false,"outputJSON":false,"buffer":true,"appLogName":"unhappy-web.log","coreLogName":"egg-web.log","agentLogName":"egg-agent.log","errorLogName":"common-error.log","coreLogger":{"consoleLevel":"WARN"},"type":"application"}
2017-09-25 16:06:20,630 INFO 11916 [egg-schedule]: register schedule egg-schedule:D:\web\unhappy\node_modules\unhappy-logrotator\app\schedule\clean_log.js
2017-09-25 16:06:20,630 INFO 11916 [egg-schedule]: register schedule egg-schedule:D:\web\unhappy\node_modules\unhappy-logrotator\app\schedule\rotate_by_file.js
2017-09-25 16:06:21,112 INFO 11916 [egg-static] starting static serve /public/ -> D:\web\unhappy\app\public
2017-09-25 16:06:21,278 INFO 11916 [egg-security] use csrf middleware
2017-09-25 16:06:21,280 INFO 11916 [egg-security] use methodnoallow middleware
2017-09-25 16:06:21,280 INFO 11916 [egg-security] use noopen middleware
2017-09-25 16:06:21,280 INFO 11916 [egg-security] use nosniff middleware
2017-09-25 16:06:21,281 INFO 11916 [egg-security] use xssProtection middleware
2017-09-25 16:06:21,282 INFO 11916 [egg-security] use xframe middleware
2017-09-25 16:06:21,283 INFO 11916 [egg-security] use dta middleware
2017-09-25 16:06:21,283 INFO 11916 [egg-security] compose 7 middlewares into one security middleware
2017-09-25 16:06:21,452 INFO 11916 [egg-watcher:app] watcher start success
2017-09-25 16:11:07,859 INFO 5348 [egg:logger] init all loggers with options: {"dir":"D:\\web\\unhappy\\logs\\unhappy","encoding":"utf8","env":"local","level":"INFO","consoleLevel":"INFO","disableConsoleAfterReady":false,"outputJSON":false,"buffer":true,"appLogName":"unhappy-web.log","coreLogName":"egg-web.log","agentLogName":"egg-agent.log","errorLogName":"common-error.log","coreLogger":{"consoleLevel":"WARN"},"type":"application"}
2017-09-25 16:11:08,143 INFO 5348 [egg-schedule]: register schedule egg-schedule:D:\web\unhappy\node_modules\unhappy-logrotator\app\schedule\clean_log.js
2017-09-25 16:11:08,143 INFO 5348 [egg-schedule]: register schedule egg-schedule:D:\web\unhappy\node_modules\unhappy-logrotator\app\schedule\rotate_by_file.js
2017-09-25 16:11:08,616 INFO 5348 [egg-static] starting static serve /public/ -> D:\web\unhappy\app\public
2017-09-25 16:11:08,775 INFO 5348 [egg-security] use csrf middleware
2017-09-25 16:11:08,776 INFO 5348 [egg-security] use methodnoallow middleware
2017-09-25 16:11:08,777 INFO 5348 [egg-security] use noopen middleware
2017-09-25 16:11:08,778 INFO 5348 [egg-security] use nosniff middleware
2017-09-25 16:11:08,778 INFO 5348 [egg-security] use xssProtection middleware
2017-09-25 16:11:08,779 INFO 5348 [egg-security] use xframe middleware
2017-09-25 16:11:08,780 INFO 5348 [egg-security] use dta middleware
2017-09-25 16:11:08,780 INFO 5348 [egg-security] compose 7 middlewares into one security middleware
2017-09-25 16:11:08,960 INFO 5348 [egg-watcher:app] watcher start success
2017-09-25 16:39:52,319 WARN 5348 [ClusterClient:Watcher] follower closed, and try to init it again
2017-09-25 16:41:12,203 INFO 12272 [egg:logger] init all loggers with options: {"dir":"D:\\web\\unhappy\\logs\\unhappy","encoding":"utf8","env":"local","level":"INFO","consoleLevel":"INFO","disableConsoleAfterReady":false,"outputJSON":false,"buffer":true,"appLogName":"unhappy-web.log","coreLogName":"egg-web.log","agentLogName":"egg-agent.log","errorLogName":"common-error.log","coreLogger":{"consoleLevel":"WARN"},"type":"application"}
2017-09-25 16:41:12,500 INFO 12272 [egg-schedule]: register schedule egg-schedule:D:\web\unhappy\node_modules\unhappy-logrotator\app\schedule\clean_log.js
2017-09-25 16:41:12,500 INFO 12272 [egg-schedule]: register schedule egg-schedule:D:\web\unhappy\node_modules\unhappy-logrotator\app\schedule\rotate_by_file.js
2017-09-25 16:41:12,989 INFO 12272 [egg-static] starting static serve /public/ -> D:\web\unhappy\app\public
2017-09-25 16:41:13,152 INFO 12272 [egg-security] use csrf middleware
2017-09-25 16:41:13,153 INFO 12272 [egg-security] use methodnoallow middleware
2017-09-25 16:41:13,154 INFO 12272 [egg-security] use noopen middleware
2017-09-25 16:41:13,155 INFO 12272 [egg-security] use nosniff middleware
2017-09-25 16:41:13,156 INFO 12272 [egg-security] use xssProtection middleware
2017-09-25 16:41:13,157 INFO 12272 [egg-security] use xframe middleware
2017-09-25 16:41:13,158 INFO 12272 [egg-security] use dta middleware
2017-09-25 16:41:13,158 INFO 12272 [egg-security] compose 7 middlewares into one security middleware
2017-09-25 16:41:13,363 INFO 12272 [egg-watcher:app] watcher start success
2017-09-25 16:46:01,890 WARN 12272 [ClusterClient:Watcher] follower closed, and try to init it again
2017-09-25 16:46:12,442 INFO 10456 [egg:logger] init all loggers with options: {"dir":"D:\\web\\unhappy\\logs\\unhappy","encoding":"utf8","env":"local","level":"INFO","consoleLevel":"INFO","disableConsoleAfterReady":false,"outputJSON":false,"buffer":true,"appLogName":"unhappy-web.log","coreLogName":"egg-web.log","agentLogName":"egg-agent.log","errorLogName":"common-error.log","coreLogger":{"consoleLevel":"WARN"},"type":"application"}
2017-09-25 16:46:12,775 INFO 10456 [egg-schedule]: register schedule egg-schedule:D:\web\unhappy\node_modules\unhappy-logrotator\app\schedule\clean_log.js
2017-09-25 16:46:12,775 INFO 10456 [egg-schedule]: register schedule egg-schedule:D:\web\unhappy\node_modules\unhappy-logrotator\app\schedule\rotate_by_file.js
2017-09-25 16:46:13,279 INFO 10456 [egg-static] starting static serve /public/ -> D:\web\unhappy\app\public
2017-09-25 16:46:13,434 INFO 10456 [egg-security] use csrf middleware
2017-09-25 16:46:13,435 INFO 10456 [egg-security] use methodnoallow middleware
2017-09-25 16:46:13,435 INFO 10456 [egg-security] use noopen middleware
2017-09-25 16:46:13,436 INFO 10456 [egg-security] use nosniff middleware
2017-09-25 16:46:13,436 INFO 10456 [egg-security] use xssProtection middleware
2017-09-25 16:46:13,437 INFO 10456 [egg-security] use xframe middleware
2017-09-25 16:46:13,437 INFO 10456 [egg-security] use dta middleware
2017-09-25 16:46:13,437 INFO 10456 [egg-security] compose 7 middlewares into one security middleware
2017-09-25 16:46:13,595 INFO 10456 [egg-watcher:app] watcher start success
2017-09-25 16:47:54,563 WARN 10456 [ClusterClient:Watcher] follower closed, and try to init it again
2017-09-25 16:48:08,781 INFO 11884 [egg:logger] init all loggers with options: {"dir":"D:\\web\\unhappy\\logs\\unhappy","encoding":"utf8","env":"local","level":"INFO","consoleLevel":"INFO","disableConsoleAfterReady":false,"outputJSON":false,"buffer":true,"appLogName":"unhappy-web.log","coreLogName":"egg-web.log","agentLogName":"egg-agent.log","errorLogName":"common-error.log","coreLogger":{"consoleLevel":"WARN"},"type":"application"}
2017-09-25 16:48:09,160 INFO 11884 [egg-schedule]: register schedule egg-schedule:D:\web\unhappy\node_modules\unhappy-logrotator\app\schedule\clean_log.js
2017-09-25 16:48:09,160 INFO 11884 [egg-schedule]: register schedule egg-schedule:D:\web\unhappy\node_modules\unhappy-logrotator\app\schedule\rotate_by_file.js
2017-09-25 16:48:09,691 INFO 11884 [egg-static] starting static serve /public/ -> D:\web\unhappy\app\public
2017-09-25 16:48:09,858 INFO 11884 [egg-security] use csrf middleware
2017-09-25 16:48:09,861 INFO 11884 [egg-security] use methodnoallow middleware
2017-09-25 16:48:09,861 INFO 11884 [egg-security] use noopen middleware
2017-09-25 16:48:09,862 INFO 11884 [egg-security] use nosniff middleware
2017-09-25 16:48:09,863 INFO 11884 [egg-security] use xssProtection middleware
2017-09-25 16:48:09,863 INFO 11884 [egg-security] use xframe middleware
2017-09-25 16:48:09,863 INFO 11884 [egg-security] use dta middleware
2017-09-25 16:48:09,864 INFO 11884 [egg-security] compose 7 middlewares into one security middleware
2017-09-25 16:48:10,051 INFO 11884 [egg-watcher:app] watcher start success
2017-09-25 17:29:07,245 WARN 11884 [ClusterClient:Watcher] follower closed, and try to init it again
2017-09-25 17:30:57,077 WARN 11884 [ClusterClient:Watcher] follower closed, and try to init it again
2017-09-25 17:33:16,390 INFO 12880 [egg:logger] init all loggers with options: {"dir":"D:\\web\\unhappy\\logs\\unhappy","encoding":"utf8","env":"local","level":"INFO","consoleLevel":"INFO","disableConsoleAfterReady":false,"outputJSON":false,"buffer":true,"appLogName":"unhappy-web.log","coreLogName":"egg-web.log","agentLogName":"egg-agent.log","errorLogName":"common-error.log","coreLogger":{"consoleLevel":"WARN"},"type":"application"}
2017-09-25 17:33:16,665 INFO 12880 [egg-schedule]: register schedule egg-schedule:D:\web\unhappy\node_modules\unhappy-logrotator\app\schedule\clean_log.js
2017-09-25 17:33:16,665 INFO 12880 [egg-schedule]: register schedule egg-schedule:D:\web\unhappy\node_modules\unhappy-logrotator\app\schedule\rotate_by_file.js
2017-09-25 17:33:17,167 INFO 12880 [egg-static] starting static serve /public/ -> D:\web\unhappy\app\public
2017-09-25 17:33:17,315 INFO 12880 [egg-security] use csrf middleware
2017-09-25 17:33:17,316 INFO 12880 [egg-security] use methodnoallow middleware
2017-09-25 17:33:17,316 INFO 12880 [egg-security] use noopen middleware
2017-09-25 17:33:17,317 INFO 12880 [egg-security] use nosniff middleware
2017-09-25 17:33:17,318 INFO 12880 [egg-security] use xssProtection middleware
2017-09-25 17:33:17,319 INFO 12880 [egg-security] use xframe middleware
2017-09-25 17:33:17,319 INFO 12880 [egg-security] use dta middleware
2017-09-25 17:33:17,319 INFO 12880 [egg-security] compose 7 middlewares into one security middleware
2017-09-25 17:33:17,523 INFO 12880 [egg-watcher:app] watcher start success
2017-09-25 17:34:53,665 WARN 12880 [ClusterClient:Watcher] follower closed, and try to init it again
2017-09-25 17:41:35,680 INFO 12992 [egg:logger] init all loggers with options: {"dir":"D:\\web\\unhappy\\logs\\unhappy","encoding":"utf8","env":"local","level":"INFO","consoleLevel":"INFO","disableConsoleAfterReady":false,"outputJSON":false,"buffer":true,"appLogName":"unhappy-web.log","coreLogName":"egg-web.log","agentLogName":"egg-agent.log","errorLogName":"common-error.log","coreLogger":{"consoleLevel":"WARN"},"type":"application"}
2017-09-25 17:41:35,950 INFO 12992 [egg-schedule]: register schedule egg-schedule:D:\web\unhappy\node_modules\unhappy-logrotator\app\schedule\clean_log.js
2017-09-25 17:41:35,950 INFO 12992 [egg-schedule]: register schedule egg-schedule:D:\web\unhappy\node_modules\unhappy-logrotator\app\schedule\rotate_by_file.js
2017-09-25 17:41:36,415 INFO 12992 [egg-static] starting static serve /public/ -> D:\web\unhappy\app\public
2017-09-25 17:41:36,528 INFO 12992 [egg-security] use csrf middleware
2017-09-25 17:41:36,530 INFO 12992 [egg-security] use methodnoallow middleware
2017-09-25 17:41:36,530 INFO 12992 [egg-security] use noopen middleware
2017-09-25 17:41:36,531 INFO 12992 [egg-security] use nosniff middleware
2017-09-25 17:41:36,531 INFO 12992 [egg-security] use xssProtection middleware
2017-09-25 17:41:36,532 INFO 12992 [egg-security] use xframe middleware
2017-09-25 17:41:36,533 INFO 12992 [egg-security] use dta middleware
2017-09-25 17:41:36,533 INFO 12992 [egg-security] compose 7 middlewares into one security middleware
2017-09-25 17:41:36,701 INFO 12992 [egg-watcher:app] watcher start success
2017-09-25 17:43:06,196 WARN 12992 [ClusterClient:Watcher] follower closed, and try to init it again
2017-09-25 17:51:32,479 WARN 12992 [ClusterClient:Watcher] follower closed, and try to init it again
2017-09-25 17:51:42,326 INFO 11064 [egg:logger] init all loggers with options: {"dir":"D:\\web\\unhappy\\logs\\unhappy","encoding":"utf8","env":"local","level":"INFO","consoleLevel":"INFO","disableConsoleAfterReady":false,"outputJSON":false,"buffer":true,"appLogName":"unhappy-web.log","coreLogName":"egg-web.log","agentLogName":"egg-agent.log","errorLogName":"common-error.log","coreLogger":{"consoleLevel":"WARN"},"type":"application"}
2017-09-25 17:51:42,634 INFO 11064 [egg-schedule]: register schedule egg-schedule:D:\web\unhappy\node_modules\unhappy-logrotator\app\schedule\clean_log.js
2017-09-25 17:51:42,634 INFO 11064 [egg-schedule]: register schedule egg-schedule:D:\web\unhappy\node_modules\unhappy-logrotator\app\schedule\rotate_by_file.js
2017-09-25 17:51:43,207 INFO 11064 [egg-static] starting static serve /public/ -> D:\web\unhappy\app\public
2017-09-25 17:51:43,307 INFO 11064 [egg-security] use csrf middleware
2017-09-25 17:51:43,309 INFO 11064 [egg-security] use methodnoallow middleware
2017-09-25 17:51:43,309 INFO 11064 [egg-security] use noopen middleware
2017-09-25 17:51:43,310 INFO 11064 [egg-security] use nosniff middleware
2017-09-25 17:51:43,310 INFO 11064 [egg-security] use xssProtection middleware
2017-09-25 17:51:43,311 INFO 11064 [egg-security] use xframe middleware
2017-09-25 17:51:43,312 INFO 11064 [egg-security] use dta middleware
2017-09-25 17:51:43,312 INFO 11064 [egg-security] compose 7 middlewares into one security middleware
2017-09-25 17:51:43,501 INFO 11064 [egg-watcher:app] watcher start success
2017-09-25 17:56:57,778 WARN 11064 [ClusterClient:Watcher] follower closed, and try to init it again
2017-09-25 17:57:10,183 INFO 4176 [egg:logger] init all loggers with options: {"dir":"D:\\web\\unhappy\\logs\\unhappy","encoding":"utf8","env":"local","level":"INFO","consoleLevel":"INFO","disableConsoleAfterReady":false,"outputJSON":false,"buffer":true,"appLogName":"unhappy-web.log","coreLogName":"egg-web.log","agentLogName":"egg-agent.log","errorLogName":"common-error.log","coreLogger":{"consoleLevel":"WARN"},"type":"application"}
2017-09-25 17:57:10,483 INFO 4176 [egg-schedule]: register schedule egg-schedule:D:\web\unhappy\node_modules\unhappy-logrotator\app\schedule\clean_log.js
2017-09-25 17:57:10,483 INFO 4176 [egg-schedule]: register schedule egg-schedule:D:\web\unhappy\node_modules\unhappy-logrotator\app\schedule\rotate_by_file.js
2017-09-25 17:57:10,979 INFO 4176 [egg-static] starting static serve /public/ -> D:\web\unhappy\app\public
2017-09-25 17:57:11,102 INFO 4176 [egg-security] use csrf middleware
2017-09-25 17:57:11,103 INFO 4176 [egg-security] use methodnoallow middleware
2017-09-25 17:57:11,104 INFO 4176 [egg-security] use noopen middleware
2017-09-25 17:57:11,105 INFO 4176 [egg-security] use nosniff middleware
2017-09-25 17:57:11,105 INFO 4176 [egg-security] use xssProtection middleware
2017-09-25 17:57:11,106 INFO 4176 [egg-security] use xframe middleware
2017-09-25 17:57:11,107 INFO 4176 [egg-security] use dta middleware
2017-09-25 17:57:11,107 INFO 4176 [egg-security] compose 7 middlewares into one security middleware
2017-09-25 17:57:11,292 INFO 4176 [egg-watcher:app] watcher start success
2017-09-25 18:02:12,940 INFO 11784 [egg:logger] init all loggers with options: {"dir":"D:\\web\\unhappy\\logs\\unhappy","encoding":"utf8","env":"local","level":"INFO","consoleLevel":"INFO","disableConsoleAfterReady":false,"outputJSON":false,"buffer":true,"appLogName":"unhappy-web.log","coreLogName":"egg-web.log","agentLogName":"egg-agent.log","errorLogName":"common-error.log","coreLogger":{"consoleLevel":"WARN"},"type":"application"}
2017-09-25 18:02:13,232 INFO 11784 [egg-schedule]: register schedule egg-schedule:D:\web\unhappy\node_modules\unhappy-logrotator\app\schedule\clean_log.js
2017-09-25 18:02:13,232 INFO 11784 [egg-schedule]: register schedule egg-schedule:D:\web\unhappy\node_modules\unhappy-logrotator\app\schedule\rotate_by_file.js
2017-09-25 18:02:13,732 INFO 11784 [egg-static] starting static serve /public/ -> D:\web\unhappy\app\public
2017-09-25 18:02:13,854 INFO 11784 [egg-security] use csrf middleware
2017-09-25 18:02:13,855 INFO 11784 [egg-security] use methodnoallow middleware
2017-09-25 18:02:13,855 INFO 11784 [egg-security] use noopen middleware
2017-09-25 18:02:13,856 INFO 11784 [egg-security] use nosniff middleware
2017-09-25 18:02:13,857 INFO 11784 [egg-security] use xssProtection middleware
2017-09-25 18:02:13,857 INFO 11784 [egg-security] use xframe middleware
2017-09-25 18:02:13,858 INFO 11784 [egg-security] use dta middleware
2017-09-25 18:02:13,858 INFO 11784 [egg-security] compose 7 middlewares into one security middleware
2017-09-25 18:02:14,053 INFO 11784 [egg-watcher:app] watcher start success
2017-09-25 18:02:53,395 INFO 11892 [egg:logger] init all loggers with options: {"dir":"D:\\web\\unhappy\\logs\\unhappy","encoding":"utf8","env":"local","level":"INFO","consoleLevel":"INFO","disableConsoleAfterReady":false,"outputJSON":false,"buffer":true,"appLogName":"unhappy-web.log","coreLogName":"egg-web.log","agentLogName":"egg-agent.log","errorLogName":"common-error.log","coreLogger":{"consoleLevel":"WARN"},"type":"application"}
2017-09-25 18:02:53,684 INFO 11892 [egg-schedule]: register schedule egg-schedule:D:\web\unhappy\node_modules\unhappy-logrotator\app\schedule\clean_log.js
2017-09-25 18:02:53,684 INFO 11892 [egg-schedule]: register schedule egg-schedule:D:\web\unhappy\node_modules\unhappy-logrotator\app\schedule\rotate_by_file.js
2017-09-25 18:02:54,196 INFO 11892 [egg-static] starting static serve /public/ -> D:\web\unhappy\app\public
2017-09-25 18:02:54,324 INFO 11892 [egg-security] use csrf middleware
2017-09-25 18:02:54,326 INFO 11892 [egg-security] use methodnoallow middleware
2017-09-25 18:02:54,328 INFO 11892 [egg-security] use noopen middleware
2017-09-25 18:02:54,329 INFO 11892 [egg-security] use nosniff middleware
2017-09-25 18:02:54,330 INFO 11892 [egg-security] use xssProtection middleware
2017-09-25 18:02:54,332 INFO 11892 [egg-security] use xframe middleware
2017-09-25 18:02:54,333 INFO 11892 [egg-security] use dta middleware
2017-09-25 18:02:54,333 INFO 11892 [egg-security] compose 7 middlewares into one security middleware
2017-09-25 18:02:54,559 INFO 11892 [egg-watcher:app] watcher start success
2017-09-25 18:03:50,743 INFO 2656 [egg:logger] init all loggers with options: {"dir":"D:\\web\\unhappy\\logs\\unhappy","encoding":"utf8","env":"local","level":"INFO","consoleLevel":"INFO","disableConsoleAfterReady":false,"outputJSON":false,"buffer":true,"appLogName":"unhappy-web.log","coreLogName":"egg-web.log","agentLogName":"egg-agent.log","errorLogName":"common-error.log","coreLogger":{"consoleLevel":"WARN"},"type":"application"}
2017-09-25 18:03:51,065 INFO 2656 [egg-schedule]: register schedule egg-schedule:D:\web\unhappy\node_modules\unhappy-logrotator\app\schedule\clean_log.js
2017-09-25 18:03:51,065 INFO 2656 [egg-schedule]: register schedule egg-schedule:D:\web\unhappy\node_modules\unhappy-logrotator\app\schedule\rotate_by_file.js
2017-09-25 18:03:51,582 INFO 2656 [egg-static] starting static serve /public/ -> D:\web\unhappy\app\public
2017-09-25 18:03:51,714 INFO 2656 [egg-security] use csrf middleware
2017-09-25 18:03:51,715 INFO 2656 [egg-security] use methodnoallow middleware
2017-09-25 18:03:51,715 INFO 2656 [egg-security] use noopen middleware
2017-09-25 18:03:51,715 INFO 2656 [egg-security] use nosniff middleware
2017-09-25 18:03:51,716 INFO 2656 [egg-security] use xssProtection middleware
2017-09-25 18:03:51,717 INFO 2656 [egg-security] use xframe middleware
2017-09-25 18:03:51,717 INFO 2656 [egg-security] use dta middleware
2017-09-25 18:03:51,717 INFO 2656 [egg-security] compose 7 middlewares into one security middleware
2017-09-25 18:03:51,920 INFO 2656 [egg-watcher:app] watcher start success
2017-09-25 18:04:47,040 INFO 13304 [egg:logger] init all loggers with options: {"dir":"D:\\web\\unhappy\\logs\\unhappy","encoding":"utf8","env":"local","level":"INFO","consoleLevel":"INFO","disableConsoleAfterReady":false,"outputJSON":false,"buffer":true,"appLogName":"unhappy-web.log","coreLogName":"egg-web.log","agentLogName":"egg-agent.log","errorLogName":"common-error.log","coreLogger":{"consoleLevel":"WARN"},"type":"application"}
2017-09-25 18:04:47,321 INFO 13304 [egg-schedule]: register schedule egg-schedule:D:\web\unhappy\node_modules\unhappy-logrotator\app\schedule\clean_log.js
2017-09-25 18:04:47,321 INFO 13304 [egg-schedule]: register schedule egg-schedule:D:\web\unhappy\node_modules\unhappy-logrotator\app\schedule\rotate_by_file.js
2017-09-25 18:04:47,823 INFO 13304 [egg-static] starting static serve /public/ -> D:\web\unhappy\app\public
2017-09-25 18:04:47,934 INFO 13304 [egg-security] use csrf middleware
2017-09-25 18:04:47,935 INFO 13304 [egg-security] use methodnoallow middleware
2017-09-25 18:04:47,935 INFO 13304 [egg-security] use noopen middleware
2017-09-25 18:04:47,936 INFO 13304 [egg-security] use nosniff middleware
2017-09-25 18:04:47,936 INFO 13304 [egg-security] use xssProtection middleware
2017-09-25 18:04:47,937 INFO 13304 [egg-security] use xframe middleware
2017-09-25 18:04:47,937 INFO 13304 [egg-security] use dta middleware
2017-09-25 18:04:47,937 INFO 13304 [egg-security] compose 7 middlewares into one security middleware
2017-09-25 18:04:48,135 INFO 13304 [egg-watcher:app] watcher start success
2017-09-25 18:05:25,940 INFO 12612 [egg:logger] init all loggers with options: {"dir":"D:\\web\\unhappy\\logs\\unhappy","encoding":"utf8","env":"local","level":"INFO","consoleLevel":"INFO","disableConsoleAfterReady":false,"outputJSON":false,"buffer":true,"appLogName":"unhappy-web.log","coreLogName":"egg-web.log","agentLogName":"egg-agent.log","errorLogName":"common-error.log","coreLogger":{"consoleLevel":"WARN"},"type":"application"}
2017-09-25 18:05:26,235 INFO 12612 [egg-schedule]: register schedule egg-schedule:D:\web\unhappy\node_modules\unhappy-logrotator\app\schedule\clean_log.js
2017-09-25 18:05:26,235 INFO 12612 [egg-schedule]: register schedule egg-schedule:D:\web\unhappy\node_modules\unhappy-logrotator\app\schedule\rotate_by_file.js
2017-09-25 18:05:26,718 INFO 12612 [egg-static] starting static serve /public/ -> D:\web\unhappy\app\public
2017-09-25 18:05:26,838 INFO 12612 [egg-security] use csrf middleware
2017-09-25 18:05:26,839 INFO 12612 [egg-security] use methodnoallow middleware
2017-09-25 18:05:26,839 INFO 12612 [egg-security] use noopen middleware
2017-09-25 18:05:26,840 INFO 12612 [egg-security] use nosniff middleware
2017-09-25 18:05:26,841 INFO 12612 [egg-security] use xssProtection middleware
2017-09-25 18:05:26,842 INFO 12612 [egg-security] use xframe middleware
2017-09-25 18:05:26,842 INFO 12612 [egg-security] use dta middleware
2017-09-25 18:05:26,842 INFO 12612 [egg-security] compose 7 middlewares into one security middleware
2017-09-25 18:05:27,027 INFO 12612 [egg-watcher:app] watcher start success
2017-09-25 18:20:38,741 INFO 8976 [egg:logger] init all loggers with options: {"dir":"D:\\web\\unhappy\\logs\\unhappy","encoding":"utf8","env":"local","level":"INFO","consoleLevel":"INFO","disableConsoleAfterReady":false,"outputJSON":false,"buffer":true,"appLogName":"unhappy-web.log","coreLogName":"egg-web.log","agentLogName":"egg-agent.log","errorLogName":"common-error.log","coreLogger":{"consoleLevel":"WARN"},"type":"application"}
2017-09-25 18:20:39,017 INFO 8976 [egg-schedule]: register schedule egg-schedule:D:\web\unhappy\node_modules\unhappy-logrotator\app\schedule\clean_log.js
2017-09-25 18:20:39,017 INFO 8976 [egg-schedule]: register schedule egg-schedule:D:\web\unhappy\node_modules\unhappy-logrotator\app\schedule\rotate_by_file.js
2017-09-25 18:20:39,488 INFO 8976 [egg-static] starting static serve /public/ -> D:\web\unhappy\app\public
2017-09-25 18:20:39,600 INFO 8976 [egg-security] use csrf middleware
2017-09-25 18:20:39,601 INFO 8976 [egg-security] use methodnoallow middleware
2017-09-25 18:20:39,601 INFO 8976 [egg-security] use noopen middleware
2017-09-25 18:20:39,602 INFO 8976 [egg-security] use nosniff middleware
2017-09-25 18:20:39,602 INFO 8976 [egg-security] use xssProtection middleware
2017-09-25 18:20:39,603 INFO 8976 [egg-security] use xframe middleware
2017-09-25 18:20:39,604 INFO 8976 [egg-security] use dta middleware
2017-09-25 18:20:39,604 INFO 8976 [egg-security] compose 7 middlewares into one security middleware
2017-09-25 18:20:39,770 INFO 8976 [egg-watcher:app] watcher start success
2017-09-25 18:21:18,092 INFO 13340 [egg:logger] init all loggers with options: {"dir":"D:\\web\\unhappy\\logs\\unhappy","encoding":"utf8","env":"local","level":"INFO","consoleLevel":"INFO","disableConsoleAfterReady":false,"outputJSON":false,"buffer":true,"appLogName":"unhappy-web.log","coreLogName":"egg-web.log","agentLogName":"egg-agent.log","errorLogName":"common-error.log","coreLogger":{"consoleLevel":"WARN"},"type":"application"}
2017-09-25 18:21:18,329 INFO 13340 [egg-schedule]: register schedule egg-schedule:D:\web\unhappy\node_modules\unhappy-logrotator\app\schedule\clean_log.js
2017-09-25 18:21:18,329 INFO 13340 [egg-schedule]: register schedule egg-schedule:D:\web\unhappy\node_modules\unhappy-logrotator\app\schedule\rotate_by_file.js
2017-09-25 18:21:18,824 INFO 13340 [egg-static] starting static serve /public/ -> D:\web\unhappy\app\public
2017-09-25 18:21:18,952 INFO 13340 [egg-security] use csrf middleware
2017-09-25 18:21:18,953 INFO 13340 [egg-security] use methodnoallow middleware
2017-09-25 18:21:18,954 INFO 13340 [egg-security] use noopen middleware
2017-09-25 18:21:18,955 INFO 13340 [egg-security] use nosniff middleware
2017-09-25 18:21:18,957 INFO 13340 [egg-security] use xssProtection middleware
2017-09-25 18:21:18,958 INFO 13340 [egg-security] use xframe middleware
2017-09-25 18:21:18,959 INFO 13340 [egg-security] use dta middleware
2017-09-25 18:21:18,959 INFO 13340 [egg-security] compose 7 middlewares into one security middleware
2017-09-25 18:21:19,190 INFO 13340 [egg-watcher:app] watcher start success
2017-09-26 09:43:38,794 INFO 12620 [egg:logger] init all loggers with options: {"dir":"D:\\web\\unhappy\\logs\\unhappy","encoding":"utf8","env":"local","level":"INFO","consoleLevel":"INFO","disableConsoleAfterReady":false,"outputJSON":false,"buffer":true,"appLogName":"unhappy-web.log","coreLogName":"egg-web.log","agentLogName":"egg-agent.log","errorLogName":"common-error.log","coreLogger":{"consoleLevel":"WARN"},"type":"application"}
2017-09-26 09:43:39,175 INFO 12620 [egg-schedule]: register schedule egg-schedule:D:\web\unhappy\node_modules\unhappy-logrotator\app\schedule\clean_log.js
2017-09-26 09:43:39,175 INFO 12620 [egg-schedule]: register schedule egg-schedule:D:\web\unhappy\node_modules\unhappy-logrotator\app\schedule\rotate_by_file.js
2017-09-26 09:43:39,761 INFO 12620 [egg-static] starting static serve /public/ -> D:\web\unhappy\app\public
2017-09-26 09:43:39,900 INFO 12620 [egg-security] use csrf middleware
2017-09-26 09:43:39,901 INFO 12620 [egg-security] use methodnoallow middleware
2017-09-26 09:43:39,902 INFO 12620 [egg-security] use noopen middleware
2017-09-26 09:43:39,903 INFO 12620 [egg-security] use nosniff middleware
2017-09-26 09:43:39,904 INFO 12620 [egg-security] use xssProtection middleware
2017-09-26 09:43:39,905 INFO 12620 [egg-security] use xframe middleware
2017-09-26 09:43:39,906 INFO 12620 [egg-security] use dta middleware
2017-09-26 09:43:39,906 INFO 12620 [egg-security] compose 7 middlewares into one security middleware
2017-09-26 09:43:40,109 INFO 12620 [egg-watcher:app] watcher start success
2017-09-26 09:51:21,160 INFO 14360 [egg:logger] init all loggers with options: {"dir":"D:\\web\\unhappy\\logs\\unhappy","encoding":"utf8","env":"local","level":"INFO","consoleLevel":"INFO","disableConsoleAfterReady":false,"outputJSON":false,"buffer":true,"appLogName":"unhappy-web.log","coreLogName":"egg-web.log","agentLogName":"egg-agent.log","errorLogName":"common-error.log","coreLogger":{"consoleLevel":"WARN"},"type":"application"}
2017-09-26 09:51:21,492 INFO 14360 [egg-schedule]: register schedule egg-schedule:D:\web\unhappy\node_modules\unhappy-logrotator\app\schedule\clean_log.js
2017-09-26 09:51:21,492 INFO 14360 [egg-schedule]: register schedule egg-schedule:D:\web\unhappy\node_modules\unhappy-logrotator\app\schedule\rotate_by_file.js
2017-09-26 09:51:21,953 INFO 14360 [egg-static] starting static serve /public/ -> D:\web\unhappy\app\public
2017-09-26 09:51:22,065 INFO 14360 [egg-security] use csrf middleware
2017-09-26 09:51:22,066 INFO 14360 [egg-security] use methodnoallow middleware
2017-09-26 09:51:22,066 INFO 14360 [egg-security] use noopen middleware
2017-09-26 09:51:22,067 INFO 14360 [egg-security] use nosniff middleware
2017-09-26 09:51:22,068 INFO 14360 [egg-security] use xssProtection middleware
2017-09-26 09:51:22,068 INFO 14360 [egg-security] use xframe middleware
2017-09-26 09:51:22,069 INFO 14360 [egg-security] use dta middleware
2017-09-26 09:51:22,069 INFO 14360 [egg-security] compose 7 middlewares into one security middleware
2017-09-26 09:51:22,245 INFO 14360 [egg-watcher:app] watcher start success
2017-09-26 09:56:28,333 INFO 13332 [egg:logger] init all loggers with options: {"dir":"D:\\web\\unhappy\\logs\\unhappy","encoding":"utf8","env":"local","level":"INFO","consoleLevel":"INFO","disableConsoleAfterReady":false,"outputJSON":false,"buffer":true,"appLogName":"unhappy-web.log","coreLogName":"egg-web.log","agentLogName":"egg-agent.log","errorLogName":"common-error.log","coreLogger":{"consoleLevel":"WARN"},"type":"application"}
2017-09-26 09:56:28,612 INFO 13332 [egg-schedule]: register schedule egg-schedule:D:\web\unhappy\node_modules\unhappy-logrotator\app\schedule\clean_log.js
2017-09-26 09:56:28,612 INFO 13332 [egg-schedule]: register schedule egg-schedule:D:\web\unhappy\node_modules\unhappy-logrotator\app\schedule\rotate_by_file.js
2017-09-26 09:56:28,942 INFO 13332 [egg-static] starting static serve /public/ -> D:\web\unhappy\app\public
2017-09-26 09:56:28,989 INFO 13332 [egg-security] use csrf middleware
2017-09-26 09:56:28,990 INFO 13332 [egg-security] use methodnoallow middleware
2017-09-26 09:56:28,990 INFO 13332 [egg-security] use noopen middleware
2017-09-26 09:56:28,991 INFO 13332 [egg-security] use nosniff middleware
2017-09-26 09:56:28,992 INFO 13332 [egg-security] use xssProtection middleware
2017-09-26 09:56:28,993 INFO 13332 [egg-security] use xframe middleware
2017-09-26 09:56:28,993 INFO 13332 [egg-security] use dta middleware
2017-09-26 09:56:28,993 INFO 13332 [egg-security] compose 7 middlewares into one security middleware
2017-09-26 09:56:29,094 INFO 13332 [egg-watcher:app] watcher start success
2017-09-26 10:04:58,423 INFO 13512 [egg:logger] init all loggers with options: {"dir":"D:\\web\\unhappy\\logs\\unhappy","encoding":"utf8","env":"local","level":"INFO","consoleLevel":"INFO","disableConsoleAfterReady":false,"outputJSON":false,"buffer":true,"appLogName":"unhappy-web.log","coreLogName":"egg-web.log","agentLogName":"egg-agent.log","errorLogName":"common-error.log","coreLogger":{"consoleLevel":"WARN"},"type":"application"}
2017-09-26 10:04:58,706 INFO 13512 [egg-schedule]: register schedule egg-schedule:D:\web\unhappy\node_modules\unhappy-logrotator\app\schedule\clean_log.js
2017-09-26 10:04:58,706 INFO 13512 [egg-schedule]: register schedule egg-schedule:D:\web\unhappy\node_modules\unhappy-logrotator\app\schedule\rotate_by_file.js
2017-09-26 10:04:59,157 INFO 13512 [egg-static] starting static serve /public/ -> D:\web\unhappy\app\public
2017-09-26 10:04:59,272 INFO 13512 [egg-security] use csrf middleware
2017-09-26 10:04:59,273 INFO 13512 [egg-security] use methodnoallow middleware
2017-09-26 10:04:59,274 INFO 13512 [egg-security] use noopen middleware
2017-09-26 10:04:59,274 INFO 13512 [egg-security] use nosniff middleware
2017-09-26 10:04:59,275 INFO 13512 [egg-security] use xssProtection middleware
2017-09-26 10:04:59,276 INFO 13512 [egg-security] use xframe middleware
2017-09-26 10:04:59,276 INFO 13512 [egg-security] use dta middleware
2017-09-26 10:04:59,277 INFO 13512 [egg-security] compose 7 middlewares into one security middleware
2017-09-26 10:04:59,435 INFO 13512 [egg-watcher:app] watcher start success
2017-09-26 10:07:46,379 INFO 15272 [egg:logger] init all loggers with options: {"dir":"D:\\web\\unhappy\\logs\\unhappy","encoding":"utf8","env":"local","level":"INFO","consoleLevel":"INFO","disableConsoleAfterReady":false,"outputJSON":false,"buffer":true,"appLogName":"unhappy-web.log","coreLogName":"egg-web.log","agentLogName":"egg-agent.log","errorLogName":"common-error.log","coreLogger":{"consoleLevel":"WARN"},"type":"application"}
2017-09-26 10:07:46,646 INFO 15272 [egg-schedule]: register schedule egg-schedule:D:\web\unhappy\node_modules\unhappy-logrotator\app\schedule\clean_log.js
2017-09-26 10:07:46,646 INFO 15272 [egg-schedule]: register schedule egg-schedule:D:\web\unhappy\node_modules\unhappy-logrotator\app\schedule\rotate_by_file.js
2017-09-26 10:07:47,039 INFO 15272 [egg-static] starting static serve /public/ -> D:\web\unhappy\app\public
2017-09-26 10:07:47,089 INFO 15272 [egg-security] use csrf middleware
2017-09-26 10:07:47,091 INFO 15272 [egg-security] use methodnoallow middleware
2017-09-26 10:07:47,092 INFO 15272 [egg-security] use noopen middleware
2017-09-26 10:07:47,092 INFO 15272 [egg-security] use nosniff middleware
2017-09-26 10:07:47,093 INFO 15272 [egg-security] use xssProtection middleware
2017-09-26 10:07:47,095 INFO 15272 [egg-security] use xframe middleware
2017-09-26 10:07:47,096 INFO 15272 [egg-security] use dta middleware
2017-09-26 10:07:47,096 INFO 15272 [egg-security] compose 7 middlewares into one security middleware
2017-09-26 10:07:47,187 INFO 15272 [egg-watcher:app] watcher start success
2017-09-26 11:01:23,860 WARN 15272 [ClusterClient:Watcher] follower closed, and try to init it again
2017-09-26 11:08:03,370 INFO 13404 [egg:logger] init all loggers with options: {"dir":"D:\\web\\unhappy\\logs\\unhappy","encoding":"utf8","env":"local","level":"INFO","consoleLevel":"INFO","disableConsoleAfterReady":false,"outputJSON":false,"buffer":true,"appLogName":"unhappy-web.log","coreLogName":"egg-web.log","agentLogName":"egg-agent.log","errorLogName":"common-error.log","coreLogger":{"consoleLevel":"WARN"},"type":"application"}
2017-09-26 11:08:03,648 INFO 13404 [egg-schedule]: register schedule egg-schedule:D:\web\unhappy\node_modules\unhappy-logrotator\app\schedule\clean_log.js
2017-09-26 11:08:03,648 INFO 13404 [egg-schedule]: register schedule egg-schedule:D:\web\unhappy\node_modules\unhappy-logrotator\app\schedule\rotate_by_file.js
2017-09-26 11:08:04,070 INFO 13404 [egg-static] starting static serve /public/ -> D:\web\unhappy\app\public
2017-09-26 11:08:04,192 INFO 13404 [egg-security] use csrf middleware
2017-09-26 11:08:04,193 INFO 13404 [egg-security] use methodnoallow middleware
2017-09-26 11:08:04,193 INFO 13404 [egg-security] use noopen middleware
2017-09-26 11:08:04,194 INFO 13404 [egg-security] use nosniff middleware
2017-09-26 11:08:04,195 INFO 13404 [egg-security] use xssProtection middleware
2017-09-26 11:08:04,196 INFO 13404 [egg-security] use xframe middleware
2017-09-26 11:08:04,196 INFO 13404 [egg-security] use dta middleware
2017-09-26 11:08:04,196 INFO 13404 [egg-security] compose 7 middlewares into one security middleware
2017-09-26 11:08:04,374 INFO 13404 [egg-watcher:app] watcher start success
2017-09-26 11:11:25,256 INFO 14920 [egg:logger] init all loggers with options: {"dir":"D:\\web\\unhappy\\logs\\unhappy","encoding":"utf8","env":"local","level":"INFO","consoleLevel":"INFO","disableConsoleAfterReady":false,"outputJSON":false,"buffer":true,"appLogName":"unhappy-web.log","coreLogName":"egg-web.log","agentLogName":"egg-agent.log","errorLogName":"common-error.log","coreLogger":{"consoleLevel":"WARN"},"type":"application"}
2017-09-26 11:11:25,548 INFO 14920 [egg-schedule]: register schedule egg-schedule:D:\web\unhappy\node_modules\unhappy-logrotator\app\schedule\clean_log.js
2017-09-26 11:11:25,548 INFO 14920 [egg-schedule]: register schedule egg-schedule:D:\web\unhappy\node_modules\unhappy-logrotator\app\schedule\rotate_by_file.js
2017-09-26 11:11:25,997 INFO 14920 [egg-static] starting static serve /public/ -> D:\web\unhappy\app\public
2017-09-26 11:11:26,123 INFO 14920 [egg-security] use csrf middleware
2017-09-26 11:11:26,124 INFO 14920 [egg-security] use methodnoallow middleware
2017-09-26 11:11:26,125 INFO 14920 [egg-security] use noopen middleware
2017-09-26 11:11:26,126 INFO 14920 [egg-security] use nosniff middleware
2017-09-26 11:11:26,126 INFO 14920 [egg-security] use xssProtection middleware
2017-09-26 11:11:26,127 INFO 14920 [egg-security] use xframe middleware
2017-09-26 11:11:26,128 INFO 14920 [egg-security] use dta middleware
2017-09-26 11:11:26,128 INFO 14920 [egg-security] compose 7 middlewares into one security middleware
2017-09-26 11:11:26,320 INFO 14920 [egg-watcher:app] watcher start success
2017-09-26 11:17:50,879 INFO 10692 [egg:logger] init all loggers with options: {"dir":"D:\\web\\unhappy\\logs\\unhappy","encoding":"utf8","env":"local","level":"INFO","consoleLevel":"INFO","disableConsoleAfterReady":false,"outputJSON":false,"buffer":true,"appLogName":"unhappy-web.log","coreLogName":"egg-web.log","agentLogName":"egg-agent.log","errorLogName":"common-error.log","coreLogger":{"consoleLevel":"WARN"},"type":"application"}
2017-09-26 11:17:51,164 INFO 10692 [egg-schedule]: register schedule egg-schedule:D:\web\unhappy\node_modules\unhappy-logrotator\app\schedule\clean_log.js
2017-09-26 11:17:51,164 INFO 10692 [egg-schedule]: register schedule egg-schedule:D:\web\unhappy\node_modules\unhappy-logrotator\app\schedule\rotate_by_file.js
2017-09-26 11:17:51,636 INFO 10692 [egg-static] starting static serve /public/ -> D:\web\unhappy\app\public
2017-09-26 11:17:51,814 INFO 10692 [egg-security] use csrf middleware
2017-09-26 11:17:51,815 INFO 10692 [egg-security] use methodnoallow middleware
2017-09-26 11:17:51,816 INFO 10692 [egg-security] use noopen middleware
2017-09-26 11:17:51,817 INFO 10692 [egg-security] use nosniff middleware
2017-09-26 11:17:51,817 INFO 10692 [egg-security] use xssProtection middleware
2017-09-26 11:17:51,818 INFO 10692 [egg-security] use xframe middleware
2017-09-26 11:17:51,819 INFO 10692 [egg-security] use dta middleware
2017-09-26 11:17:51,819 INFO 10692 [egg-security] compose 7 middlewares into one security middleware
2017-09-26 11:17:52,020 INFO 10692 [egg-watcher:app] watcher start success
2017-09-26 11:20:38,344 INFO 14720 [egg:logger] init all loggers with options: {"dir":"D:\\web\\unhappy\\logs\\unhappy","encoding":"utf8","env":"local","level":"INFO","consoleLevel":"INFO","disableConsoleAfterReady":false,"outputJSON":false,"buffer":true,"appLogName":"unhappy-web.log","coreLogName":"egg-web.log","agentLogName":"egg-agent.log","errorLogName":"common-error.log","coreLogger":{"consoleLevel":"WARN"},"type":"application"}
2017-09-26 11:20:38,631 INFO 14720 [egg-schedule]: register schedule egg-schedule:D:\web\unhappy\node_modules\unhappy-logrotator\app\schedule\clean_log.js
2017-09-26 11:20:38,631 INFO 14720 [egg-schedule]: register schedule egg-schedule:D:\web\unhappy\node_modules\unhappy-logrotator\app\schedule\rotate_by_file.js
2017-09-26 11:20:39,101 INFO 14720 [egg-static] starting static serve /public/ -> D:\web\unhappy\app\public
2017-09-26 11:20:39,315 INFO 14720 [egg-security] use csrf middleware
2017-09-26 11:20:39,316 INFO 14720 [egg-security] use methodnoallow middleware
2017-09-26 11:20:39,317 INFO 14720 [egg-security] use noopen middleware
2017-09-26 11:20:39,317 INFO 14720 [egg-security] use nosniff middleware
2017-09-26 11:20:39,318 INFO 14720 [egg-security] use xssProtection middleware
2017-09-26 11:20:39,319 INFO 14720 [egg-security] use xframe middleware
2017-09-26 11:20:39,319 INFO 14720 [egg-security] use dta middleware
2017-09-26 11:20:39,319 INFO 14720 [egg-security] compose 7 middlewares into one security middleware
2017-09-26 11:20:39,526 INFO 14720 [egg-watcher:app] watcher start success
2017-09-26 11:22:46,774 INFO 13640 [egg:logger] init all loggers with options: {"dir":"D:\\web\\unhappy\\logs\\unhappy","encoding":"utf8","env":"local","level":"INFO","consoleLevel":"INFO","disableConsoleAfterReady":false,"outputJSON":false,"buffer":true,"appLogName":"unhappy-web.log","coreLogName":"egg-web.log","agentLogName":"egg-agent.log","errorLogName":"common-error.log","coreLogger":{"consoleLevel":"WARN"},"type":"application"}
2017-09-26 11:22:47,067 INFO 13640 [egg-schedule]: register schedule egg-schedule:D:\web\unhappy\node_modules\unhappy-logrotator\app\schedule\clean_log.js
2017-09-26 11:22:47,067 INFO 13640 [egg-schedule]: register schedule egg-schedule:D:\web\unhappy\node_modules\unhappy-logrotator\app\schedule\rotate_by_file.js
2017-09-26 11:22:47,545 INFO 13640 [egg-static] starting static serve /public/ -> D:\web\unhappy\app\public
2017-09-26 11:22:47,747 INFO 13640 [egg-security] use csrf middleware
2017-09-26 11:22:47,748 INFO 13640 [egg-security] use methodnoallow middleware
2017-09-26 11:22:47,749 INFO 13640 [egg-security] use noopen middleware
2017-09-26 11:22:47,749 INFO 13640 [egg-security] use nosniff middleware
2017-09-26 11:22:47,750 INFO 13640 [egg-security] use xssProtection middleware
2017-09-26 11:22:47,751 INFO 13640 [egg-security] use xframe middleware
2017-09-26 11:22:47,751 INFO 13640 [egg-security] use dta middleware
2017-09-26 11:22:47,751 INFO 13640 [egg-security] compose 7 middlewares into one security middleware
2017-09-26 11:22:47,968 INFO 13640 [egg-watcher:app] watcher start success
2017-09-26 11:27:31,266 INFO 15044 [egg:logger] init all loggers with options: {"dir":"D:\\web\\unhappy\\logs\\unhappy","encoding":"utf8","env":"local","level":"INFO","consoleLevel":"INFO","disableConsoleAfterReady":false,"outputJSON":false,"buffer":true,"appLogName":"unhappy-web.log","coreLogName":"egg-web.log","agentLogName":"egg-agent.log","errorLogName":"common-error.log","coreLogger":{"consoleLevel":"WARN"},"type":"application"}
2017-09-26 11:27:31,552 INFO 15044 [egg-schedule]: register schedule egg-schedule:D:\web\unhappy\node_modules\unhappy-logrotator\app\schedule\clean_log.js
2017-09-26 11:27:31,552 INFO 15044 [egg-schedule]: register schedule egg-schedule:D:\web\unhappy\node_modules\unhappy-logrotator\app\schedule\rotate_by_file.js
2017-09-26 11:27:32,011 INFO 15044 [egg-static] starting static serve /public/ -> D:\web\unhappy\app\public
2017-09-26 11:27:32,204 INFO 15044 [egg-security] use csrf middleware
2017-09-26 11:27:32,205 INFO 15044 [egg-security] use methodnoallow middleware
2017-09-26 11:27:32,205 INFO 15044 [egg-security] use noopen middleware
2017-09-26 11:27:32,206 INFO 15044 [egg-security] use nosniff middleware
2017-09-26 11:27:32,206 INFO 15044 [egg-security] use xssProtection middleware
2017-09-26 11:27:32,207 INFO 15044 [egg-security] use xframe middleware
2017-09-26 11:27:32,208 INFO 15044 [egg-security] use dta middleware
2017-09-26 11:27:32,208 INFO 15044 [egg-security] compose 7 middlewares into one security middleware
2017-09-26 11:27:32,424 INFO 15044 [egg-watcher:app] watcher start success
2017-09-26 14:10:14,619 INFO 16052 [egg:logger] init all loggers with options: {"dir":"D:\\web\\unhappy\\logs\\unhappy","encoding":"utf8","env":"local","level":"INFO","consoleLevel":"INFO","disableConsoleAfterReady":false,"outputJSON":false,"buffer":true,"appLogName":"unhappy-web.log","coreLogName":"egg-web.log","agentLogName":"egg-agent.log","errorLogName":"common-error.log","coreLogger":{"consoleLevel":"WARN"},"type":"application"}
2017-09-26 14:10:14,924 INFO 16052 [egg-schedule]: register schedule egg-schedule:D:\web\unhappy\node_modules\unhappy-logrotator\app\schedule\clean_log.js
2017-09-26 14:10:14,924 INFO 16052 [egg-schedule]: register schedule egg-schedule:D:\web\unhappy\node_modules\unhappy-logrotator\app\schedule\rotate_by_file.js
2017-09-26 14:10:15,391 INFO 16052 [egg-static] starting static serve /public/ -> D:\web\unhappy\app\public
2017-09-26 14:10:15,600 INFO 16052 [egg-security] use csrf middleware
2017-09-26 14:10:15,601 INFO 16052 [egg-security] use methodnoallow middleware
2017-09-26 14:10:15,602 INFO 16052 [egg-security] use noopen middleware
2017-09-26 14:10:15,602 INFO 16052 [egg-security] use nosniff middleware
2017-09-26 14:10:15,602 INFO 16052 [egg-security] use xssProtection middleware
2017-09-26 14:10:15,603 INFO 16052 [egg-security] use xframe middleware
2017-09-26 14:10:15,603 INFO 16052 [egg-security] use dta middleware
2017-09-26 14:10:15,603 INFO 16052 [egg-security] compose 7 middlewares into one security middleware
2017-09-26 14:10:15,832 INFO 16052 [egg-watcher:app] watcher start success
2017-09-26 14:16:06,813 INFO 12660 [egg:logger] init all loggers with options: {"dir":"D:\\web\\unhappy\\logs\\unhappy","encoding":"utf8","env":"local","level":"INFO","consoleLevel":"INFO","disableConsoleAfterReady":false,"outputJSON":false,"buffer":true,"appLogName":"unhappy-web.log","coreLogName":"egg-web.log","agentLogName":"egg-agent.log","errorLogName":"common-error.log","coreLogger":{"consoleLevel":"WARN"},"type":"application"}
2017-09-26 14:16:07,097 INFO 12660 [egg-schedule]: register schedule egg-schedule:D:\web\unhappy\node_modules\unhappy-logrotator\app\schedule\clean_log.js
2017-09-26 14:16:07,097 INFO 12660 [egg-schedule]: register schedule egg-schedule:D:\web\unhappy\node_modules\unhappy-logrotator\app\schedule\rotate_by_file.js
2017-09-26 14:16:07,574 INFO 12660 [egg-static] starting static serve /public/ -> D:\web\unhappy\app\public
2017-09-26 14:16:07,764 INFO 12660 [egg-security] use csrf middleware
2017-09-26 14:16:07,764 INFO 12660 [egg-security] use methodnoallow middleware
2017-09-26 14:16:07,765 INFO 12660 [egg-security] use noopen middleware
2017-09-26 14:16:07,765 INFO 12660 [egg-security] use nosniff middleware
2017-09-26 14:16:07,766 INFO 12660 [egg-security] use xssProtection middleware
2017-09-26 14:16:07,767 INFO 12660 [egg-security] use xframe middleware
2017-09-26 14:16:07,767 INFO 12660 [egg-security] use dta middleware
2017-09-26 14:16:07,767 INFO 12660 [egg-security] compose 7 middlewares into one security middleware
2017-09-26 14:16:07,973 INFO 12660 [egg-watcher:app] watcher start success
2017-09-26 14:27:34,713 WARN 12660 [ClusterClient:Watcher] follower closed, and try to init it again
2017-09-26 14:34:48,875 WARN 12660 [ClusterClient:Watcher] follower closed, and try to init it again
2017-09-26 14:35:18,847 INFO 15420 [egg:logger] init all loggers with options: {"dir":"D:\\web\\unhappy\\logs\\unhappy","encoding":"utf8","env":"local","level":"INFO","consoleLevel":"INFO","disableConsoleAfterReady":false,"outputJSON":false,"buffer":true,"appLogName":"unhappy-web.log","coreLogName":"egg-web.log","agentLogName":"egg-agent.log","errorLogName":"common-error.log","coreLogger":{"consoleLevel":"WARN"},"type":"application"}
2017-09-26 14:35:19,135 INFO 15420 [egg-schedule]: register schedule egg-schedule:D:\web\unhappy\node_modules\unhappy-logrotator\app\schedule\clean_log.js
2017-09-26 14:35:19,135 INFO 15420 [egg-schedule]: register schedule egg-schedule:D:\web\unhappy\node_modules\unhappy-logrotator\app\schedule\rotate_by_file.js
2017-09-26 14:35:19,625 INFO 15420 [egg-static] starting static serve /public/ -> D:\web\unhappy\app\public
2017-09-26 14:35:19,833 INFO 15420 [egg-security] use csrf middleware
2017-09-26 14:35:19,834 INFO 15420 [egg-security] use methodnoallow middleware
2017-09-26 14:35:19,835 INFO 15420 [egg-security] use noopen middleware
2017-09-26 14:35:19,835 INFO 15420 [egg-security] use nosniff middleware
2017-09-26 14:35:19,836 INFO 15420 [egg-security] use xssProtection middleware
2017-09-26 14:35:19,837 INFO 15420 [egg-security] use xframe middleware
2017-09-26 14:35:19,838 INFO 15420 [egg-security] use dta middleware
2017-09-26 14:35:19,838 INFO 15420 [egg-security] compose 7 middlewares into one security middleware
2017-09-26 14:35:20,062 INFO 15420 [egg-watcher:app] watcher start success
2017-09-26 15:00:57,094 INFO 12448 [egg:logger] init all loggers with options: {"dir":"D:\\web\\unhappy\\logs\\unhappy","encoding":"utf8","env":"local","level":"INFO","consoleLevel":"INFO","disableConsoleAfterReady":false,"outputJSON":false,"buffer":true,"appLogName":"unhappy-web.log","coreLogName":"egg-web.log","agentLogName":"egg-agent.log","errorLogName":"common-error.log","coreLogger":{"consoleLevel":"WARN"},"type":"application"}
2017-09-26 15:00:57,383 INFO 12448 [egg-schedule]: register schedule egg-schedule:D:\web\unhappy\node_modules\unhappy-logrotator\app\schedule\clean_log.js
2017-09-26 15:00:57,383 INFO 12448 [egg-schedule]: register schedule egg-schedule:D:\web\unhappy\node_modules\unhappy-logrotator\app\schedule\rotate_by_file.js
2017-09-26 15:00:57,860 INFO 12448 [egg-static] starting static serve /public/ -> D:\web\unhappy\app\public
2017-09-26 15:00:58,068 INFO 12448 [egg-security] use csrf middleware
2017-09-26 15:00:58,069 INFO 12448 [egg-security] use methodnoallow middleware
2017-09-26 15:00:58,069 INFO 12448 [egg-security] use noopen middleware
2017-09-26 15:00:58,070 INFO 12448 [egg-security] use nosniff middleware
2017-09-26 15:00:58,070 INFO 12448 [egg-security] use xssProtection middleware
2017-09-26 15:00:58,071 INFO 12448 [egg-security] use xframe middleware
2017-09-26 15:00:58,071 INFO 12448 [egg-security] use dta middleware
2017-09-26 15:00:58,072 INFO 12448 [egg-security] compose 7 middlewares into one security middleware
2017-09-26 15:00:58,288 INFO 12448 [egg-watcher:app] watcher start success
2017-09-26 15:13:43,906 INFO 8596 [egg:logger] init all loggers with options: {"dir":"D:\\web\\unhappy\\logs\\unhappy","encoding":"utf8","env":"local","level":"INFO","consoleLevel":"INFO","disableConsoleAfterReady":false,"outputJSON":false,"buffer":true,"appLogName":"unhappy-web.log","coreLogName":"egg-web.log","agentLogName":"egg-agent.log","errorLogName":"common-error.log","coreLogger":{"consoleLevel":"WARN"},"type":"application"}
2017-09-26 15:13:44,189 INFO 8596 [egg-schedule]: register schedule egg-schedule:D:\web\unhappy\node_modules\unhappy-logrotator\app\schedule\clean_log.js
2017-09-26 15:13:44,189 INFO 8596 [egg-schedule]: register schedule egg-schedule:D:\web\unhappy\node_modules\unhappy-logrotator\app\schedule\rotate_by_file.js
2017-09-26 15:13:44,681 INFO 8596 [egg-static] starting static serve /public/ -> D:\web\unhappy\app\public
2017-09-26 15:13:44,897 INFO 8596 [egg-security] use csrf middleware
2017-09-26 15:13:44,898 INFO 8596 [egg-security] use methodnoallow middleware
2017-09-26 15:13:44,899 INFO 8596 [egg-security] use noopen middleware
2017-09-26 15:13:44,899 INFO 8596 [egg-security] use nosniff middleware
2017-09-26 15:13:44,900 INFO 8596 [egg-security] use xssProtection middleware
2017-09-26 15:13:44,901 INFO 8596 [egg-security] use xframe middleware
2017-09-26 15:13:44,901 INFO 8596 [egg-security] use dta middleware
2017-09-26 15:13:44,901 INFO 8596 [egg-security] compose 7 middlewares into one security middleware
2017-09-26 15:13:45,140 INFO 8596 [egg-watcher:app] watcher start success
2017-09-26 15:14:46,222 INFO 17196 [egg:logger] init all loggers with options: {"dir":"D:\\web\\unhappy\\logs\\unhappy","encoding":"utf8","env":"local","level":"INFO","consoleLevel":"INFO","disableConsoleAfterReady":false,"outputJSON":false,"buffer":true,"appLogName":"unhappy-web.log","coreLogName":"egg-web.log","agentLogName":"egg-agent.log","errorLogName":"common-error.log","coreLogger":{"consoleLevel":"WARN"},"type":"application"}
2017-09-26 15:14:46,507 INFO 17196 [egg-schedule]: register schedule egg-schedule:D:\web\unhappy\node_modules\unhappy-logrotator\app\schedule\clean_log.js
2017-09-26 15:14:46,507 INFO 17196 [egg-schedule]: register schedule egg-schedule:D:\web\unhappy\node_modules\unhappy-logrotator\app\schedule\rotate_by_file.js
2017-09-26 15:14:47,002 INFO 17196 [egg-static] starting static serve /public/ -> D:\web\unhappy\app\public
2017-09-26 15:14:47,210 INFO 17196 [egg-security] use csrf middleware
2017-09-26 15:14:47,212 INFO 17196 [egg-security] use methodnoallow middleware
2017-09-26 15:14:47,213 INFO 17196 [egg-security] use noopen middleware
2017-09-26 15:14:47,213 INFO 17196 [egg-security] use nosniff middleware
2017-09-26 15:14:47,214 INFO 17196 [egg-security] use xssProtection middleware
2017-09-26 15:14:47,216 INFO 17196 [egg-security] use xframe middleware
2017-09-26 15:14:47,217 INFO 17196 [egg-security] use dta middleware
2017-09-26 15:14:47,217 INFO 17196 [egg-security] compose 7 middlewares into one security middleware
2017-09-26 15:14:47,483 INFO 17196 [egg-watcher:app] watcher start success
2017-09-26 15:22:22,499 INFO 17132 [egg:logger] init all loggers with options: {"dir":"D:\\web\\unhappy\\logs\\unhappy","encoding":"utf8","env":"local","level":"INFO","consoleLevel":"INFO","disableConsoleAfterReady":false,"outputJSON":false,"buffer":true,"appLogName":"unhappy-web.log","coreLogName":"egg-web.log","agentLogName":"egg-agent.log","errorLogName":"common-error.log","coreLogger":{"consoleLevel":"WARN"},"type":"application"}
2017-09-26 15:22:22,859 INFO 17132 [egg-schedule]: register schedule egg-schedule:D:\web\unhappy\node_modules\unhappy-logrotator\app\schedule\clean_log.js
2017-09-26 15:22:22,859 INFO 17132 [egg-schedule]: register schedule egg-schedule:D:\web\unhappy\node_modules\unhappy-logrotator\app\schedule\rotate_by_file.js
2017-09-26 15:22:23,453 INFO 17132 [egg-static] starting static serve /public/ -> D:\web\unhappy\app\public
2017-09-26 15:22:23,687 INFO 17132 [egg-security] use csrf middleware
2017-09-26 15:22:23,688 INFO 17132 [egg-security] use methodnoallow middleware
2017-09-26 15:22:23,688 INFO 17132 [egg-security] use noopen middleware
2017-09-26 15:22:23,689 INFO 17132 [egg-security] use nosniff middleware
2017-09-26 15:22:23,689 INFO 17132 [egg-security] use xssProtection middleware
2017-09-26 15:22:23,691 INFO 17132 [egg-security] use xframe middleware
2017-09-26 15:22:23,691 INFO 17132 [egg-security] use dta middleware
2017-09-26 15:22:23,691 INFO 17132 [egg-security] compose 7 middlewares into one security middleware
2017-09-26 15:22:23,926 INFO 17132 [egg-watcher:app] watcher start success
2017-09-26 17:51:39,713 INFO 15924 [egg:logger] init all loggers with options: {"dir":"D:\\web\\unhappy\\logs\\unhappy","encoding":"utf8","env":"local","level":"INFO","consoleLevel":"INFO","disableConsoleAfterReady":false,"outputJSON":false,"buffer":true,"appLogName":"unhappy-web.log","coreLogName":"egg-web.log","agentLogName":"egg-agent.log","errorLogName":"common-error.log","coreLogger":{"consoleLevel":"WARN"},"type":"application"}
2017-09-26 17:51:39,997 INFO 15924 [egg-schedule]: register schedule egg-schedule:D:\web\unhappy\node_modules\unhappy-logrotator\app\schedule\clean_log.js
2017-09-26 17:51:39,997 INFO 15924 [egg-schedule]: register schedule egg-schedule:D:\web\unhappy\node_modules\unhappy-logrotator\app\schedule\rotate_by_file.js
2017-09-26 17:51:40,483 INFO 15924 [egg-static] starting static serve /public/ -> D:\web\unhappy\app\public
2017-09-26 17:51:40,687 INFO 15924 [egg-security] use csrf middleware
2017-09-26 17:51:40,688 INFO 15924 [egg-security] use methodnoallow middleware
2017-09-26 17:51:40,689 INFO 15924 [egg-security] use noopen middleware
2017-09-26 17:51:40,690 INFO 15924 [egg-security] use nosniff middleware
2017-09-26 17:51:40,691 INFO 15924 [egg-security] use xssProtection middleware
2017-09-26 17:51:40,691 INFO 15924 [egg-security] use xframe middleware
2017-09-26 17:51:40,692 INFO 15924 [egg-security] use dta middleware
2017-09-26 17:51:40,692 INFO 15924 [egg-security] compose 7 middlewares into one security middleware
2017-09-26 17:51:40,918 INFO 15924 [egg-watcher:app] watcher start success
2017-09-26 18:01:01,363 INFO 16624 [egg:logger] init all loggers with options: {"dir":"D:\\web\\unhappy\\logs\\unhappy","encoding":"utf8","env":"local","level":"INFO","consoleLevel":"INFO","disableConsoleAfterReady":false,"outputJSON":false,"buffer":true,"appLogName":"unhappy-web.log","coreLogName":"egg-web.log","agentLogName":"egg-agent.log","errorLogName":"common-error.log","coreLogger":{"consoleLevel":"WARN"},"type":"application"}
2017-09-26 18:01:01,670 INFO 16624 [egg-schedule]: register schedule egg-schedule:D:\web\unhappy\node_modules\unhappy-logrotator\app\schedule\clean_log.js
2017-09-26 18:01:01,670 INFO 16624 [egg-schedule]: register schedule egg-schedule:D:\web\unhappy\node_modules\unhappy-logrotator\app\schedule\rotate_by_file.js
2017-09-26 18:01:02,174 INFO 16624 [egg-static] starting static serve /public/ -> D:\web\unhappy\app\public
2017-09-26 18:01:02,391 INFO 16624 [egg-security] use csrf middleware
2017-09-26 18:01:02,393 INFO 16624 [egg-security] use methodnoallow middleware
2017-09-26 18:01:02,393 INFO 16624 [egg-security] use noopen middleware
2017-09-26 18:01:02,394 INFO 16624 [egg-security] use nosniff middleware
2017-09-26 18:01:02,395 INFO 16624 [egg-security] use xssProtection middleware
2017-09-26 18:01:02,396 INFO 16624 [egg-security] use xframe middleware
2017-09-26 18:01:02,396 INFO 16624 [egg-security] use dta middleware
2017-09-26 18:01:02,397 INFO 16624 [egg-security] compose 7 middlewares into one security middleware
2017-09-26 18:01:02,636 INFO 16624 [egg-watcher:app] watcher start success
2017-09-26 18:04:17,759 INFO 15576 [egg:logger] init all loggers with options: {"dir":"D:\\web\\unhappy\\logs\\unhappy","encoding":"utf8","env":"local","level":"INFO","consoleLevel":"INFO","disableConsoleAfterReady":false,"outputJSON":false,"buffer":true,"appLogName":"unhappy-web.log","coreLogName":"egg-web.log","agentLogName":"egg-agent.log","errorLogName":"common-error.log","coreLogger":{"consoleLevel":"WARN"},"type":"application"}
2017-09-26 18:04:18,050 INFO 15576 [egg-schedule]: register schedule egg-schedule:D:\web\unhappy\node_modules\unhappy-logrotator\app\schedule\clean_log.js
2017-09-26 18:04:18,051 INFO 15576 [egg-schedule]: register schedule egg-schedule:D:\web\unhappy\node_modules\unhappy-logrotator\app\schedule\rotate_by_file.js
2017-09-26 18:04:18,579 INFO 15576 [egg-static] starting static serve /public/ -> D:\web\unhappy\app\public
2017-09-26 18:04:18,803 INFO 15576 [egg-security] use csrf middleware
2017-09-26 18:04:18,803 INFO 15576 [egg-security] use methodnoallow middleware
2017-09-26 18:04:18,804 INFO 15576 [egg-security] use noopen middleware
2017-09-26 18:04:18,804 INFO 15576 [egg-security] use nosniff middleware
2017-09-26 18:04:18,805 INFO 15576 [egg-security] use xssProtection middleware
2017-09-26 18:04:18,805 INFO 15576 [egg-security] use xframe middleware
2017-09-26 18:04:18,806 INFO 15576 [egg-security] use dta middleware
2017-09-26 18:04:18,806 INFO 15576 [egg-security] compose 7 middlewares into one security middleware
2017-09-26 18:04:19,034 INFO 15576 [egg-watcher:app] watcher start success
2017-09-26 18:04:55,295 INFO 11532 [egg:logger] init all loggers with options: {"dir":"D:\\web\\unhappy\\logs\\unhappy","encoding":"utf8","env":"local","level":"INFO","consoleLevel":"INFO","disableConsoleAfterReady":false,"outputJSON":false,"buffer":true,"appLogName":"unhappy-web.log","coreLogName":"egg-web.log","agentLogName":"egg-agent.log","errorLogName":"common-error.log","coreLogger":{"consoleLevel":"WARN"},"type":"application"}
2017-09-26 18:04:55,586 INFO 11532 [egg-schedule]: register schedule egg-schedule:D:\web\unhappy\node_modules\unhappy-logrotator\app\schedule\clean_log.js
2017-09-26 18:04:55,586 INFO 11532 [egg-schedule]: register schedule egg-schedule:D:\web\unhappy\node_modules\unhappy-logrotator\app\schedule\rotate_by_file.js
2017-09-26 18:04:56,065 INFO 11532 [egg-static] starting static serve /public/ -> D:\web\unhappy\app\public
2017-09-26 18:04:56,292 INFO 11532 [egg-security] use csrf middleware
2017-09-26 18:04:56,293 INFO 11532 [egg-security] use methodnoallow middleware
2017-09-26 18:04:56,293 INFO 11532 [egg-security] use noopen middleware
2017-09-26 18:04:56,294 INFO 11532 [egg-security] use nosniff middleware
2017-09-26 18:04:56,295 INFO 11532 [egg-security] use xssProtection middleware
2017-09-26 18:04:56,295 INFO 11532 [egg-security] use xframe middleware
2017-09-26 18:04:56,296 INFO 11532 [egg-security] use dta middleware
2017-09-26 18:04:56,296 INFO 11532 [egg-security] compose 7 middlewares into one security middleware
2017-09-26 18:04:56,538 INFO 11532 [egg-watcher:app] watcher start success
2017-09-26 18:13:15,239 INFO 17324 [egg:logger] init all loggers with options: {"dir":"D:\\web\\unhappy\\logs\\unhappy","encoding":"utf8","env":"local","level":"INFO","consoleLevel":"INFO","disableConsoleAfterReady":false,"outputJSON":false,"buffer":true,"appLogName":"unhappy-web.log","coreLogName":"egg-web.log","agentLogName":"egg-agent.log","errorLogName":"common-error.log","coreLogger":{"consoleLevel":"WARN"},"type":"application"}
2017-09-26 18:13:15,525 INFO 17324 [egg-schedule]: register schedule egg-schedule:D:\web\unhappy\node_modules\unhappy-logrotator\app\schedule\clean_log.js
2017-09-26 18:13:15,525 INFO 17324 [egg-schedule]: register schedule egg-schedule:D:\web\unhappy\node_modules\unhappy-logrotator\app\schedule\rotate_by_file.js
2017-09-26 18:13:16,017 INFO 17324 [egg-static] starting static serve /public/ -> D:\web\unhappy\app\public
2017-09-26 18:13:16,233 INFO 17324 [egg-security] use csrf middleware
2017-09-26 18:13:16,234 INFO 17324 [egg-security] use methodnoallow middleware
2017-09-26 18:13:16,235 INFO 17324 [egg-security] use noopen middleware
2017-09-26 18:13:16,235 INFO 17324 [egg-security] use nosniff middleware
2017-09-26 18:13:16,236 INFO 17324 [egg-security] use xssProtection middleware
2017-09-26 18:13:16,236 INFO 17324 [egg-security] use xframe middleware
2017-09-26 18:13:16,237 INFO 17324 [egg-security] use dta middleware
2017-09-26 18:13:16,237 INFO 17324 [egg-security] compose 7 middlewares into one security middleware
2017-09-26 18:13:16,463 INFO 17324 [egg-watcher:app] watcher start success
